<?xml version="1.0" encoding="UTF-8"?>
<!-- Generated by org.testng.reporters.JUnitXMLReporter -->
<testsuite ignored="0" hostname="DESKTOP-9I87QRH" failures="0" tests="4" name="EncodeTest" time="1.977" errors="0" timestamp="2024-04-06T22:49:38 ICT">
  <testcase classname="Nhiem.Encode.EncodeTest" name="TC_CHECK_01" time="0.846"/>
  <testcase classname="Nhiem.Encode.EncodeTest" name="TC_CHECK_02" time="0.71"/>
  <testcase classname="Nhiem.Encode.EncodeTest" name="TC_HASH_01" time="0.36"/>
  <testcase classname="Nhiem.Encode.EncodeTest" name="TC_HASH_02" time="0.001"/>
</testsuite> <!-- EncodeTest -->
