<?xml version="1.0" encoding="UTF-8"?>
<!-- Generated by org.testng.reporters.JUnitXMLReporter -->
<testsuite ignored="0" hostname="DESKTOP-9I87QRH" failures="6" tests="50" name="Test" time="1.998" errors="0" timestamp="2024-04-06T22:43:39 ICT">
  <testcase classname="Nhiem.ThuocTinh.capNhapKichThuocTest" name="TC_CNKT_01" time="0.137"/>
  <testcase classname="Nhiem.ThuocTinh.capNhapKichThuocTest" name="TC_CNKT_02" time="0.048"/>
  <testcase classname="Nhiem.ThuocTinh.capNhapKichThuocTest" name="TC_CNKT_03" time="0.085"/>
  <testcase classname="Nhiem.ThuocTinh.capNhapKichThuocTest" name="TC_CNKT_04" time="0.072"/>
  <testcase classname="Nhiem.ThuocTinh.capNhapKichThuocTest" name="TC_CNKT_05" time="0.072"/>
  <testcase classname="Nhiem.ThuocTinh.capNhapKichThuocTest" name="TC_CNKT_06" time="0.066"/>
  <testcase classname="Nhiem.ThuocTinh.capNhapMauSac" name="TC_CNM_01" time="0.084"/>
  <testcase classname="Nhiem.ThuocTinh.capNhapMauSac" name="TC_CNM_02" time="0.054"/>
  <testcase classname="Nhiem.ThuocTinh.capNhapMauSac" name="TC_CNM_03" time="0.044">
    <failure type="java.lang.AssertionError" message="expected [Cập nhật màu sắc thất bại!] but found [Mã màu không tồn tại]">
      <![CDATA[java.lang.AssertionError: expected [Cập nhật màu sắc thất bại!] but found [Mã màu không tồn tại]
at Nhiem.ThuocTinh.capNhapMauSac.TC_CNM_03(capNhapMauSac.java:40)
at java.base/java.util.ArrayList.forEach(ArrayList.java:1511)
... Removed 31 stack frames]]>
    </failure>
  </testcase> <!-- TC_CNM_03 -->
  <testcase classname="Nhiem.ThuocTinh.capNhapMauSac" name="TC_CNM_04" time="0.109"/>
  <testcase classname="Nhiem.ThuocTinh.capNhapMauSac" name="TC_CNM_05" time="0.088"/>
  <testcase classname="Nhiem.ThuocTinh.taoMaKTTest" name="TC_TAO_MAKT_01" time="0.002"/>
  <testcase classname="Nhiem.ThuocTinh.taoMaKTTest" name="TC_TAO_MAKT_02" time="0.001"/>
  <testcase classname="Nhiem.ThuocTinh.taoMaKTTest" name="TC_TAO_MAKT_03" time="0.002"/>
  <testcase classname="Nhiem.ThuocTinh.taoMaKTTest" name="TC_TAO_MAKT_04" time="0.002">
    <failure type="java.lang.NumberFormatException" message="For input string: &amp;quot;&amp;quot;">
      <![CDATA[java.lang.NumberFormatException: For input string: ""
at java.base/java.lang.NumberFormatException.forInputString(NumberFormatException.java:67)
at java.base/java.lang.Integer.parseInt(Integer.java:675)
at java.base/java.lang.Integer.parseInt(Integer.java:781)
at view.ThuocTinh.taoMaKT_Test(ThuocTinh.java:176)
at Nhiem.ThuocTinh.taoMaKTTest.TC_TAO_MAKT_04(taoMaKTTest.java:47)
at java.base/java.util.ArrayList.forEach(ArrayList.java:1511)
... Removed 25 stack frames]]>
    </failure>
  </testcase> <!-- TC_TAO_MAKT_04 -->
  <testcase classname="Nhiem.ThuocTinh.taoMaKTTest" name="TC_TAO_MAKT_05" time="0.004"/>
  <testcase classname="Nhiem.ThuocTinh.taoMaKTTest" name="TC_TAO_MAKT_06" time="0.001"/>
  <testcase classname="Nhiem.ThuocTinh.taoMaKTTest" name="TC_TAO_MAKT_07" time="0.004"/>
  <testcase classname="Nhiem.ThuocTinh.taoMaKTTest" name="TC_TAO_MAKT_08" time="0.002"/>
  <testcase classname="Nhiem.ThuocTinh.taoMaKTTest" name="TC_TAO_MAKT_09" time="0.003"/>
  <testcase classname="Nhiem.ThuocTinh.taoMaKTTest" name="TC_TAO_MAKT_10" time="0.002"/>
  <testcase classname="Nhiem.ThuocTinh.taoMaKTTest" name="TC_TAO_MAKT_11" time="0.011"/>
  <testcase classname="Nhiem.ThuocTinh.taoMaMSTest" name="TC_TAOMAMS_01" time="0.001"/>
  <testcase classname="Nhiem.ThuocTinh.taoMaMSTest" name="TC_TAOMAMS_02" time="0.002"/>
  <testcase classname="Nhiem.ThuocTinh.taoMaMSTest" name="TC_TAOMAMS_03" time="0.004"/>
  <testcase classname="Nhiem.ThuocTinh.taoMaMSTest" name="TC_TAOMAMS_04" time="0.001">
    <failure type="java.lang.NumberFormatException" message="For input string: &amp;quot;&amp;quot;">
      <![CDATA[java.lang.NumberFormatException: For input string: ""
at java.base/java.lang.NumberFormatException.forInputString(NumberFormatException.java:67)
at java.base/java.lang.Integer.parseInt(Integer.java:675)
at java.base/java.lang.Integer.parseInt(Integer.java:781)
at view.ThuocTinh.taoMaMS_Test(ThuocTinh.java:136)
at Nhiem.ThuocTinh.taoMaMSTest.TC_TAOMAMS_04(taoMaMSTest.java:48)
at java.base/java.util.ArrayList.forEach(ArrayList.java:1511)
... Removed 25 stack frames]]>
    </failure>
  </testcase> <!-- TC_TAOMAMS_04 -->
  <testcase classname="Nhiem.ThuocTinh.taoMaMSTest" name="TC_TAOMAMS_05" time="0.002"/>
  <testcase classname="Nhiem.ThuocTinh.taoMaMSTest" name="TC_TAOMAMS_06" time="0.001"/>
  <testcase classname="Nhiem.ThuocTinh.taoMaMSTest" name="TC_TAOMAMS_07" time="0.002"/>
  <testcase classname="Nhiem.ThuocTinh.taoMaMSTest" name="TC_TAOMAMS_08" time="0.001"/>
  <testcase classname="Nhiem.ThuocTinh.taoMaMSTest" name="TC_TAOMAMS_09" time="0.01"/>
  <testcase classname="Nhiem.ThuocTinh.taoMaMSTest" name="TC_TAOMAMS_10" time="0.002"/>
  <testcase classname="Nhiem.ThuocTinh.taoMaMSTest" name="TC_TAOMAMS_11" time="0.008"/>
  <testcase classname="Nhiem.ThuocTinh.themKichThuocTest" name="TC_TKT_01" time="0.067"/>
  <testcase classname="Nhiem.ThuocTinh.themKichThuocTest" name="TC_TKT_02" time="0.085"/>
  <testcase classname="Nhiem.ThuocTinh.themKichThuocTest" name="TC_TKT_03" time="0.065">
    <failure type="java.lang.AssertionError" message="expected [Thêm kích thước thất bại!] but found [Thêm kích thước thành công!]">
      <![CDATA[java.lang.AssertionError: expected [Thêm kích thước thất bại!] but found [Thêm kích thước thành công!]
at Nhiem.ThuocTinh.themKichThuocTest.TC_TKT_03(themKichThuocTest.java:38)
at java.base/java.util.ArrayList.forEach(ArrayList.java:1511)
... Removed 31 stack frames]]>
    </failure>
  </testcase> <!-- TC_TKT_03 -->
  <testcase classname="Nhiem.ThuocTinh.themKichThuocTest" name="TC_TKT_04" time="0.055">
    <failure type="java.lang.AssertionError" message="expected [Thêm kích thước thất bại!] but found [Thêm kích thước thành công!]">
      <![CDATA[java.lang.AssertionError: expected [Thêm kích thước thất bại!] but found [Thêm kích thước thành công!]
at Nhiem.ThuocTinh.themKichThuocTest.TC_TKT_04(themKichThuocTest.java:47)
at java.base/java.util.ArrayList.forEach(ArrayList.java:1511)
... Removed 31 stack frames]]>
    </failure>
  </testcase> <!-- TC_TKT_04 -->
  <testcase classname="Nhiem.ThuocTinh.themKichThuocTest" name="TC_TKT_05" time="0.057"/>
  <testcase classname="Nhiem.ThuocTinh.themMauSacTest" name="TC_TMS_01" time="0.034"/>
  <testcase classname="Nhiem.ThuocTinh.themMauSacTest" name="TC_TMS_02" time="0.071"/>
  <testcase classname="Nhiem.ThuocTinh.themMauSacTest" name="TC_TMS_03" time="0.053">
    <failure type="java.lang.AssertionError" message="expected [Thêm màu sắc thất bại!] but found [Thêm màu sắc thành công!]">
      <![CDATA[java.lang.AssertionError: expected [Thêm màu sắc thất bại!] but found [Thêm màu sắc thành công!]
at Nhiem.ThuocTinh.themMauSacTest.TC_TMS_03(themMauSacTest.java:38)
at java.base/java.util.ArrayList.forEach(ArrayList.java:1511)
... Removed 31 stack frames]]>
    </failure>
  </testcase> <!-- TC_TMS_03 -->
  <testcase classname="Nhiem.ThuocTinh.themMauSacTest" name="TC_TMS_04" time="0.065"/>
  <testcase classname="Nhiem.ThuocTinh.xoaKichThuocTest" name="TC_XKT_01" time="0.193"/>
  <testcase classname="Nhiem.ThuocTinh.xoaKichThuocTest" name="TC_XKT_02" time="0.001"/>
  <testcase classname="Nhiem.ThuocTinh.xoaKichThuocTest" name="TC_XKT_03" time="0.001"/>
  <testcase classname="Nhiem.ThuocTinh.xoaKichThuocTest" name="TC_XKT_04" time="0.027"/>
  <testcase classname="Nhiem.ThuocTinh.xoaMauSacTest" name="TC_XMS_01" time="0.084"/>
  <testcase classname="Nhiem.ThuocTinh.xoaMauSacTest" name="TC_XMS_02" time="0.002"/>
  <testcase classname="Nhiem.ThuocTinh.xoaMauSacTest" name="TC_XMS_03" time="0.001"/>
  <testcase classname="Nhiem.ThuocTinh.xoaMauSacTest" name="TC_XMS_04" time="0.022"/>
</testsuite> <!-- Test -->
