<?xml version="1.0" encoding="UTF-8"?>
<!-- Generated by org.testng.reporters.JUnitXMLReporter -->
<testsuite ignored="0" hostname="DESKTOP-9I87QRH" failures="0" tests="3" name="Default test" time="6.483" errors="0" timestamp="2024-04-13T20:59:01 ICT">
  <testcase classname="mainTest.TestFile" name="launchWebsite" time="0.991"/>
  <testcase classname="mainTest.TestFile" name="enterLoginInfo" time="1.193"/>
  <testcase classname="mainTest.TestFile" name="performLogin" time="2.066"/>
</testsuite> <!-- Default test -->
