<?xml version="1.0" encoding="UTF-8"?>
<!-- Generated by org.testng.reporters.JUnitXMLReporter -->
<testsuite ignored="0" hostname="DESKTOP-9I87QRH" failures="0" tests="3" name="Assignment" time="6.977" errors="0" timestamp="2024-04-13T21:00:31 ICT">
  <testcase classname="mainTest.TestFile" name="launchWebsite" time="1.355"/>
  <testcase classname="mainTest.TestFile" name="enterLoginInfo" time="1.199"/>
  <testcase classname="mainTest.TestFile" name="performLogin" time="2.076"/>
</testsuite> <!-- Assignment -->
