<?xml version="1.0" encoding="UTF-8"?>
<!-- Generated by org.testng.reporters.JUnitXMLReporter -->
<testsuite ignored="0" hostname="DESKTOP-9I87QRH" failures="0" tests="4" name="EncodeTest" time="1.909" errors="0" timestamp="2024-04-06T22:54:18 ICT">
  <testcase classname="Nhiem.Encode.EncodeTest" name="TC_CHECK_01" time="0.816"/>
  <testcase classname="Nhiem.Encode.EncodeTest" name="TC_CHECK_02" time="0.699"/>
  <testcase classname="Nhiem.Encode.EncodeTest" name="TC_HASH_01" time="0.346"/>
  <testcase classname="Nhiem.Encode.EncodeTest" name="TC_HASH_02" time="0.002"/>
</testsuite> <!-- EncodeTest -->
