<?xml version="1.0" encoding="UTF-8"?>
<!-- Generated by org.testng.reporters.JUnitXMLReporter -->
<testsuite ignored="0" hostname="DESKTOP-9I87QRH" failures="0" tests="4" name="EncodeTest" time="3.474" errors="0" timestamp="2024-04-07T13:59:08 ICT">
  <testcase classname="Nhiem.Encode.EncodeTest" name="TC_CHECK_01" time="1.407"/>
  <testcase classname="Nhiem.Encode.EncodeTest" name="TC_CHECK_02" time="1.191"/>
  <testcase classname="Nhiem.Encode.EncodeTest" name="TC_HASH_01" time="0.752"/>
  <testcase classname="Nhiem.Encode.EncodeTest" name="TC_HASH_02" time="0.005"/>
</testsuite> <!-- EncodeTest -->
