<?xml version="1.0" encoding="UTF-8"?>
<!-- Generated by org.testng.reporters.JUnitXMLReporter -->
<testsuite ignored="0" hostname="DESKTOP-9I87QRH" failures="5" tests="58" name="SanPhamTest" time="3.211" errors="0" timestamp="2024-04-06T22:54:21 ICT">
  <testcase classname="Nhiem.SanPham.capNhapCTSPTest" name="TC_CAPNHATCTSP_01" time="0.1"/>
  <testcase classname="Nhiem.SanPham.capNhapCTSPTest" name="TC_CAPNHATCTSP_02" time="0.001"/>
  <testcase classname="Nhiem.SanPham.capNhapCTSPTest" name="TC_CAPNHATCTSP_03" time="0.038"/>
  <testcase classname="Nhiem.SanPham.capNhapCTSPTest" name="TC_CAPNHATCTSP_04" time="0.147"/>
  <testcase classname="Nhiem.SanPham.capNhapCTSPTest" name="TC_CAPNHATCTSP_05" time="0.115"/>
  <testcase classname="Nhiem.SanPham.capNhapCTSPTest" name="TC_CAPNHATCTSP_06" time="0.135"/>
  <testcase classname="Nhiem.SanPham.capNhapCTSPTest" name="TC_CAPNHATCTSP_10" time="0.081">
    <failure type="java.lang.AssertionError" message="expected [Lỗi bỏ trống mã kích thước] but found [Lỗi bỏ trống mã màuLỗi bỏ trống mã kích thước]">
      <![CDATA[java.lang.AssertionError: expected [Lỗi bỏ trống mã kích thước] but found [Lỗi bỏ trống mã màuLỗi bỏ trống mã kích thước]
at Nhiem.SanPham.capNhapCTSPTest.TC_CAPNHATCTSP_10(capNhapCTSPTest.java:113)
at java.base/java.util.ArrayList.forEach(ArrayList.java:1511)
... Removed 31 stack frames]]>
    </failure>
  </testcase> <!-- TC_CAPNHATCTSP_10 -->
  <testcase classname="Nhiem.SanPham.capNhapCTSPTest" name="TC_CAPNHATCTSP_11" time="0.08">
    <failure type="java.lang.AssertionError" message="expected [Cập nhật thành công] but found [Lỗi bỏ trống mã màu]">
      <![CDATA[java.lang.AssertionError: expected [Cập nhật thành công] but found [Lỗi bỏ trống mã màu]
at Nhiem.SanPham.capNhapCTSPTest.TC_CAPNHATCTSP_11(capNhapCTSPTest.java:123)
at java.base/java.util.ArrayList.forEach(ArrayList.java:1511)
... Removed 31 stack frames]]>
    </failure>
  </testcase> <!-- TC_CAPNHATCTSP_11 -->
  <testcase classname="Nhiem.SanPham.capNhapCTSPTest" name="TC_CAPNHATCTSP_7" time="0.072"/>
  <testcase classname="Nhiem.SanPham.capNhapCTSPTest" name="TC_CAPNHATCTSP_8" time="0.097"/>
  <testcase classname="Nhiem.SanPham.capNhapCTSPTest" name="TC_CAPNHATCTSP_9" time="0.083"/>
  <testcase classname="Nhiem.SanPham.CapNhapTest" name="TC_CAPNHAT_01" time="0.073"/>
  <testcase classname="Nhiem.SanPham.CapNhapTest" name="TC_CAPNHAT_02" time="0.044"/>
  <testcase classname="Nhiem.SanPham.CapNhapTest" name="TC_CAPNHAT_03" time="0.08"/>
  <testcase classname="Nhiem.SanPham.CapNhapTest" name="TC_CAPNHAT_04" time="0.061"/>
  <testcase classname="Nhiem.SanPham.CapNhapTest" name="TC_CAPNHAT_05" time="0.112">
    <failure type="java.lang.AssertionError" message="expected [Tên sản phẩm không được chứa số] but found [Cập nhật thành công]">
      <![CDATA[java.lang.AssertionError: expected [Tên sản phẩm không được chứa số] but found [Cập nhật thành công]
at Nhiem.SanPham.CapNhapTest.TC_CAPNHAT_05(CapNhapTest.java:56)
at java.base/java.util.ArrayList.forEach(ArrayList.java:1511)
... Removed 31 stack frames]]>
    </failure>
  </testcase> <!-- TC_CAPNHAT_05 -->
  <testcase classname="Nhiem.SanPham.CapNhapTest" name="TC_CAPNHAT_06" time="0.076"/>
  <testcase classname="Nhiem.SanPham.CapNhapTest" name="TC_CAPNHAT_07" time="0.03">
    <failure type="java.lang.NullPointerException" message="Cannot invoke &amp;quot;model.SanPham.setTenSP(String)&amp;quot; because &amp;quot;sp&amp;quot; is null">
      <![CDATA[java.lang.NullPointerException: Cannot invoke "model.SanPham.setTenSP(String)" because "sp" is null
at Nhiem.SanPham.CapNhapTest.TC_CAPNHAT_07(CapNhapTest.java:71)
at java.base/java.util.ArrayList.forEach(ArrayList.java:1511)
... Removed 25 stack frames]]>
    </failure>
  </testcase> <!-- TC_CAPNHAT_07 -->
  <testcase classname="Nhiem.SanPham.CapNhapTest" name="TC_CAPNHAT_08" time="0.204"/>
  <testcase classname="Nhiem.SanPham.CapNhapTest" name="TC_CAPNHAT_09" time="0.043"/>
  <testcase classname="Nhiem.SanPham.CapNhapTest" name="TC_CAPNHAT_10" time="0.055"/>
  <testcase classname="Nhiem.SanPham.taoMaCTSPTest" name="TC_TAOMACTSP_01" time="0.001"/>
  <testcase classname="Nhiem.SanPham.taoMaCTSPTest" name="TC_TAOMACTSP_02" time="0.001"/>
  <testcase classname="Nhiem.SanPham.taoMaCTSPTest" name="TC_TAOMACTSP_03" time="0.019"/>
  <testcase classname="Nhiem.SanPham.taoMaCTSPTest" name="TC_TAOMACTSP_04" time="0.0"/>
  <testcase classname="Nhiem.SanPham.taoMaCTSPTest" name="TC_TAOMACTSP_05" time="0.015"/>
  <testcase classname="Nhiem.SanPham.taoMaCTSPTest" name="TC_TAOMACTSP_06" time="0.014"/>
  <testcase classname="Nhiem.SanPham.taoMaCTSPTest" name="TC_TAOMACTSP_07" time="0.015"/>
  <testcase classname="Nhiem.SanPham.taoMaCTSPTest" name="TC_TAOMACTSP_08" time="0.016"/>
  <testcase classname="Nhiem.SanPham.taoMaCTSPTest" name="TC_TAOMACTSP_09" time="0.014"/>
  <testcase classname="Nhiem.SanPham.taoMaSPTest" name="TC_TAOMASP_01" time="0.001"/>
  <testcase classname="Nhiem.SanPham.taoMaSPTest" name="TC_TAOMASP_02" time="0.001"/>
  <testcase classname="Nhiem.SanPham.taoMaSPTest" name="TC_TAOMASP_03" time="0.001"/>
  <testcase classname="Nhiem.SanPham.taoMaSPTest" name="TC_TAOMASP_04" time="0.001"/>
  <testcase classname="Nhiem.SanPham.taoMaSPTest" name="TC_TAOMASP_05" time="0.001"/>
  <testcase classname="Nhiem.SanPham.taoMaSPTest" name="TC_TAOMASP_06" time="0.001"/>
  <testcase classname="Nhiem.SanPham.taoMaSPTest" name="TC_TAOMASP_07" time="0.002"/>
  <testcase classname="Nhiem.SanPham.taoMaSPTest" name="TC_TAOMASP_08" time="0.002"/>
  <testcase classname="Nhiem.SanPham.taoMaSPTest" name="TC_TAOMASP_09" time="0.002"/>
  <testcase classname="Nhiem.SanPham.taoMaSPTest" name="TC_TAOMASP_10" time="0.001"/>
  <testcase classname="Nhiem.SanPham.taoMaSPTest" name="TC_TAOMASP_11" time="0.002"/>
  <testcase classname="Nhiem.SanPham.themCTSPTest" name="TC_THEMCTSP_01" time="0.105"/>
  <testcase classname="Nhiem.SanPham.themCTSPTest" name="TC_THEMCTSP_02" time="0.08"/>
  <testcase classname="Nhiem.SanPham.themCTSPTest" name="TC_THEMCTSP_03" time="0.043"/>
  <testcase classname="Nhiem.SanPham.themCTSPTest" name="TC_THEMCTSP_04" time="0.076"/>
  <testcase classname="Nhiem.SanPham.themCTSPTest" name="TC_THEMCTSP_05" time="0.073"/>
  <testcase classname="Nhiem.SanPham.themCTSPTest" name="TC_THEMCTSP_06" time="0.08"/>
  <testcase classname="Nhiem.SanPham.themCTSPTest" name="TC_THEMCTSP_07" time="0.106"/>
  <testcase classname="Nhiem.SanPham.themCTSPTest" name="TC_THEMCTSP_08" time="0.104"/>
  <testcase classname="Nhiem.SanPham.themTest" name="TC_THEMSP_01" time="0.1">
    <failure type="java.lang.AssertionError" message="expected [PASS] but found [java.lang.RuntimeException: com.microsoft.sqlserver.jdbc.SQLServerException: Violation of UNIQUE KEY constraint &amp;apos;UQ__SanPham__8BBF4A1CBD3A9718&amp;apos;. Cannot insert duplicate key in object &amp;apos;dbo.SanPham&amp;apos;. The duplicate key value is (100001).]">
      <![CDATA[java.lang.AssertionError: expected [PASS] but found [java.lang.RuntimeException: com.microsoft.sqlserver.jdbc.SQLServerException: Violation of UNIQUE KEY constraint 'UQ__SanPham__8BBF4A1CBD3A9718'. Cannot insert duplicate key in object 'dbo.SanPham'. The duplicate key value is (100001).]
at Nhiem.SanPham.themTest.TC_THEMSP_01(themTest.java:26)
at java.base/java.util.ArrayList.forEach(ArrayList.java:1511)
... Removed 31 stack frames]]>
    </failure>
  </testcase> <!-- TC_THEMSP_01 -->
  <testcase classname="Nhiem.SanPham.themTest" name="TC_THEMSP_02" time="0.06"/>
  <testcase classname="Nhiem.SanPham.themTest" name="TC_THEMSP_03" time="0.065"/>
  <testcase classname="Nhiem.SanPham.themTest" name="TC_THEMSP_04" time="0.042"/>
  <testcase classname="Nhiem.SanPham.themTest" name="TC_THEMSP_05" time="0.048"/>
  <testcase classname="Nhiem.SanPham.themTest" name="TC_THEMSP_06" time="0.055"/>
  <testcase classname="Nhiem.SanPham.themTest" name="TC_THEMSP_07" time="0.056"/>
  <testcase classname="Nhiem.SanPham.themTest" name="TC_THEMSP_08" time="0.12"/>
  <testcase classname="Nhiem.SanPham.themTest" name="TC_THEMSP_09" time="0.076"/>
</testsuite> <!-- SanPhamTest -->
