<?xml version="1.0" encoding="UTF-8"?>
<!-- Generated by org.testng.reporters.JUnitXMLReporter -->
<testsuite ignored="0" hostname="DESKTOP-9I87QRH" failures="0" tests="3" name="ThongKeTest" time="6.463" errors="0" timestamp="2024-04-07T13:59:23 ICT">
  <testcase classname="Nhiem.ThongKe.xuatDanhSachTest" name="testXuLyKhiFileLaNull" time="1.681"/>
  <testcase classname="Nhiem.ThongKe.xuatDanhSachTest" name="testXuatDanhSachWithData" time="3.11"/>
  <testcase classname="Nhiem.ThongKe.xuatDanhSachTest" name="testXuatDanhSachWithEmptyData" time="1.653"/>
</testsuite> <!-- ThongKeTest -->
