<?xml version="1.0" encoding="UTF-8"?>
<!-- Generated by org.testng.reporters.JUnitXMLReporter -->
<testsuite ignored="0" hostname="DESKTOP-9I87QRH" failures="6" tests="50" name="ThuocTinhTest" time="3.593" errors="0" timestamp="2024-04-07T13:59:26 ICT">
  <testcase classname="Nhiem.ThuocTinh.capNhapKichThuocTest" name="TC_CNKT_01" time="0.231"/>
  <testcase classname="Nhiem.ThuocTinh.capNhapKichThuocTest" name="TC_CNKT_02" time="0.123"/>
  <testcase classname="Nhiem.ThuocTinh.capNhapKichThuocTest" name="TC_CNKT_03" time="0.066"/>
  <testcase classname="Nhiem.ThuocTinh.capNhapKichThuocTest" name="TC_CNKT_04" time="0.201"/>
  <testcase classname="Nhiem.ThuocTinh.capNhapKichThuocTest" name="TC_CNKT_05" time="0.13"/>
  <testcase classname="Nhiem.ThuocTinh.capNhapKichThuocTest" name="TC_CNKT_06" time="0.154"/>
  <testcase classname="Nhiem.ThuocTinh.capNhapMauSac" name="TC_CNM_01" time="0.147"/>
  <testcase classname="Nhiem.ThuocTinh.capNhapMauSac" name="TC_CNM_02" time="0.075"/>
  <testcase classname="Nhiem.ThuocTinh.capNhapMauSac" name="TC_CNM_03" time="0.035">
    <failure type="java.lang.AssertionError" message="expected [Cập nhật màu sắc thất bại!] but found [Mã màu không tồn tại]">
      <![CDATA[java.lang.AssertionError: expected [Cập nhật màu sắc thất bại!] but found [Mã màu không tồn tại]
at Nhiem.ThuocTinh.capNhapMauSac.TC_CNM_03(capNhapMauSac.java:40)
at java.base/java.util.ArrayList.forEach(ArrayList.java:1511)
... Removed 31 stack frames]]>
    </failure>
  </testcase> <!-- TC_CNM_03 -->
  <testcase classname="Nhiem.ThuocTinh.capNhapMauSac" name="TC_CNM_04" time="0.246"/>
  <testcase classname="Nhiem.ThuocTinh.capNhapMauSac" name="TC_CNM_05" time="0.19"/>
  <testcase classname="Nhiem.ThuocTinh.taoMaKTTest" name="TC_TAO_MAKT_01" time="0.001"/>
  <testcase classname="Nhiem.ThuocTinh.taoMaKTTest" name="TC_TAO_MAKT_02" time="0.001"/>
  <testcase classname="Nhiem.ThuocTinh.taoMaKTTest" name="TC_TAO_MAKT_03" time="0.002"/>
  <testcase classname="Nhiem.ThuocTinh.taoMaKTTest" name="TC_TAO_MAKT_04" time="0.002">
    <failure type="java.lang.NumberFormatException" message="For input string: &amp;quot;&amp;quot;">
      <![CDATA[java.lang.NumberFormatException: For input string: ""
at java.base/java.lang.NumberFormatException.forInputString(NumberFormatException.java:67)
at java.base/java.lang.Integer.parseInt(Integer.java:675)
at java.base/java.lang.Integer.parseInt(Integer.java:781)
at view.ThuocTinh.taoMaKT_Test(ThuocTinh.java:176)
at Nhiem.ThuocTinh.taoMaKTTest.TC_TAO_MAKT_04(taoMaKTTest.java:47)
at java.base/java.util.ArrayList.forEach(ArrayList.java:1511)
... Removed 25 stack frames]]>
    </failure>
  </testcase> <!-- TC_TAO_MAKT_04 -->
  <testcase classname="Nhiem.ThuocTinh.taoMaKTTest" name="TC_TAO_MAKT_05" time="0.003"/>
  <testcase classname="Nhiem.ThuocTinh.taoMaKTTest" name="TC_TAO_MAKT_06" time="0.001"/>
  <testcase classname="Nhiem.ThuocTinh.taoMaKTTest" name="TC_TAO_MAKT_07" time="0.004"/>
  <testcase classname="Nhiem.ThuocTinh.taoMaKTTest" name="TC_TAO_MAKT_08" time="0.002"/>
  <testcase classname="Nhiem.ThuocTinh.taoMaKTTest" name="TC_TAO_MAKT_09" time="0.001"/>
  <testcase classname="Nhiem.ThuocTinh.taoMaKTTest" name="TC_TAO_MAKT_10" time="0.001"/>
  <testcase classname="Nhiem.ThuocTinh.taoMaKTTest" name="TC_TAO_MAKT_11" time="0.005"/>
  <testcase classname="Nhiem.ThuocTinh.taoMaMSTest" name="TC_TAOMAMS_01" time="0.001"/>
  <testcase classname="Nhiem.ThuocTinh.taoMaMSTest" name="TC_TAOMAMS_02" time="0.001"/>
  <testcase classname="Nhiem.ThuocTinh.taoMaMSTest" name="TC_TAOMAMS_03" time="0.001"/>
  <testcase classname="Nhiem.ThuocTinh.taoMaMSTest" name="TC_TAOMAMS_04" time="0.0">
    <failure type="java.lang.NumberFormatException" message="For input string: &amp;quot;&amp;quot;">
      <![CDATA[java.lang.NumberFormatException: For input string: ""
at java.base/java.lang.NumberFormatException.forInputString(NumberFormatException.java:67)
at java.base/java.lang.Integer.parseInt(Integer.java:675)
at java.base/java.lang.Integer.parseInt(Integer.java:781)
at view.ThuocTinh.taoMaMS_Test(ThuocTinh.java:136)
at Nhiem.ThuocTinh.taoMaMSTest.TC_TAOMAMS_04(taoMaMSTest.java:48)
at java.base/java.util.ArrayList.forEach(ArrayList.java:1511)
... Removed 25 stack frames]]>
    </failure>
  </testcase> <!-- TC_TAOMAMS_04 -->
  <testcase classname="Nhiem.ThuocTinh.taoMaMSTest" name="TC_TAOMAMS_05" time="0.004"/>
  <testcase classname="Nhiem.ThuocTinh.taoMaMSTest" name="TC_TAOMAMS_06" time="0.018"/>
  <testcase classname="Nhiem.ThuocTinh.taoMaMSTest" name="TC_TAOMAMS_07" time="0.004"/>
  <testcase classname="Nhiem.ThuocTinh.taoMaMSTest" name="TC_TAOMAMS_08" time="0.003"/>
  <testcase classname="Nhiem.ThuocTinh.taoMaMSTest" name="TC_TAOMAMS_09" time="0.001"/>
  <testcase classname="Nhiem.ThuocTinh.taoMaMSTest" name="TC_TAOMAMS_10" time="0.001"/>
  <testcase classname="Nhiem.ThuocTinh.taoMaMSTest" name="TC_TAOMAMS_11" time="0.043"/>
  <testcase classname="Nhiem.ThuocTinh.themKichThuocTest" name="TC_TKT_01" time="0.168"/>
  <testcase classname="Nhiem.ThuocTinh.themKichThuocTest" name="TC_TKT_02" time="0.082"/>
  <testcase classname="Nhiem.ThuocTinh.themKichThuocTest" name="TC_TKT_03" time="0.169">
    <failure type="java.lang.AssertionError" message="expected [Thêm kích thước thất bại!] but found [Thêm kích thước thành công!]">
      <![CDATA[java.lang.AssertionError: expected [Thêm kích thước thất bại!] but found [Thêm kích thước thành công!]
at Nhiem.ThuocTinh.themKichThuocTest.TC_TKT_03(themKichThuocTest.java:38)
at java.base/java.util.ArrayList.forEach(ArrayList.java:1511)
... Removed 31 stack frames]]>
    </failure>
  </testcase> <!-- TC_TKT_03 -->
  <testcase classname="Nhiem.ThuocTinh.themKichThuocTest" name="TC_TKT_04" time="0.097">
    <failure type="java.lang.AssertionError" message="expected [Thêm kích thước thất bại!] but found [Thêm kích thước thành công!]">
      <![CDATA[java.lang.AssertionError: expected [Thêm kích thước thất bại!] but found [Thêm kích thước thành công!]
at Nhiem.ThuocTinh.themKichThuocTest.TC_TKT_04(themKichThuocTest.java:47)
at java.base/java.util.ArrayList.forEach(ArrayList.java:1511)
... Removed 31 stack frames]]>
    </failure>
  </testcase> <!-- TC_TKT_04 -->
  <testcase classname="Nhiem.ThuocTinh.themKichThuocTest" name="TC_TKT_05" time="0.128"/>
  <testcase classname="Nhiem.ThuocTinh.themMauSacTest" name="TC_TMS_01" time="0.049"/>
  <testcase classname="Nhiem.ThuocTinh.themMauSacTest" name="TC_TMS_02" time="0.298"/>
  <testcase classname="Nhiem.ThuocTinh.themMauSacTest" name="TC_TMS_03" time="0.083">
    <failure type="java.lang.AssertionError" message="expected [Thêm màu sắc thất bại!] but found [Thêm màu sắc thành công!]">
      <![CDATA[java.lang.AssertionError: expected [Thêm màu sắc thất bại!] but found [Thêm màu sắc thành công!]
at Nhiem.ThuocTinh.themMauSacTest.TC_TMS_03(themMauSacTest.java:38)
at java.base/java.util.ArrayList.forEach(ArrayList.java:1511)
... Removed 31 stack frames]]>
    </failure>
  </testcase> <!-- TC_TMS_03 -->
  <testcase classname="Nhiem.ThuocTinh.themMauSacTest" name="TC_TMS_04" time="0.225"/>
  <testcase classname="Nhiem.ThuocTinh.xoaKichThuocTest" name="TC_XKT_01" time="0.308"/>
  <testcase classname="Nhiem.ThuocTinh.xoaKichThuocTest" name="TC_XKT_02" time="0.001"/>
  <testcase classname="Nhiem.ThuocTinh.xoaKichThuocTest" name="TC_XKT_03" time="0.001"/>
  <testcase classname="Nhiem.ThuocTinh.xoaKichThuocTest" name="TC_XKT_04" time="0.076"/>
  <testcase classname="Nhiem.ThuocTinh.xoaMauSacTest" name="TC_XMS_01" time="0.076"/>
  <testcase classname="Nhiem.ThuocTinh.xoaMauSacTest" name="TC_XMS_02" time="0.0"/>
  <testcase classname="Nhiem.ThuocTinh.xoaMauSacTest" name="TC_XMS_03" time="0.001"/>
  <testcase classname="Nhiem.ThuocTinh.xoaMauSacTest" name="TC_XMS_04" time="0.018"/>
</testsuite> <!-- ThuocTinhTest -->
