<?xml version="1.0" encoding="UTF-8"?>
<!-- Generated by org.testng.reporters.JUnitXMLReporter -->
<testsuite ignored="0" hostname="DESKTOP-9I87QRH" failures="0" tests="11" name="LoaiGiayTest" time="24.903" errors="0" timestamp="2024-04-07T15:33:56 ICT">
  <testcase classname="Nguyen.LoaiGiay.taoMaLGTest" name="TC_TAO_MA_LG_01" time="0.015"/>
  <testcase classname="Nguyen.LoaiGiay.taoMaLGTest" name="TC_TAO_MA_LG_02" time="0.003"/>
  <testcase classname="Nguyen.LoaiGiay.taoMaLGTest" name="TC_TAO_MA_LG_03" time="0.002"/>
  <testcase classname="Nguyen.LoaiGiay.taoMaLGTest" name="TC_TAO_MA_LG_04" time="0.003"/>
  <testcase classname="Nguyen.LoaiGiay.taoMaLGTest" name="TC_TAO_MA_LG_05" time="0.002"/>
  <testcase classname="Nguyen.LoaiGiay.taoMaLGTest" name="TC_TAO_MA_LG_06" time="0.002"/>
  <testcase classname="Nguyen.LoaiGiay.taoMaLGTest" name="TC_TAO_MA_LG_07" time="0.002"/>
  <testcase classname="Nguyen.LoaiGiay.taoMaLGTest" name="TC_TAO_MA_LG_08" time="24.769"/>
  <testcase classname="Nguyen.LoaiGiay.taoMaLGTest" name="TC_TAO_MA_LG_09" time="0.001"/>
  <testcase classname="Nguyen.LoaiGiay.themTest" name="TC_THEM_LOAI_GIAY_01" time="0.013"/>
  <testcase classname="Nguyen.LoaiGiay.themTest" name="TC_THEM_LOAI_GIAY_02" time="0.036"/>
</testsuite> <!-- LoaiGiayTest -->
