<?xml version="1.0" encoding="UTF-8"?>
<!-- Generated by org.testng.reporters.JUnitXMLReporter -->
<testsuite ignored="0" hostname="DESKTOP-9I87QRH" failures="0" tests="4" name="LoginTest" time="0.843" errors="0" timestamp="2024-04-07T15:33:57 ICT">
  <testcase classname="Nguyen.Login.loginTest" name="TC_Login_01" time="0.403"/>
  <testcase classname="Nguyen.Login.loginTest" name="TC_Login_02" time="0.042"/>
  <testcase classname="Nguyen.Login.loginTest" name="TC_Login_03" time="0.04"/>
  <testcase classname="Nguyen.Login.loginTest" name="TC_Login_04" time="0.352"/>
</testsuite> <!-- LoginTest -->
