<?xml version="1.0" encoding="UTF-8"?>
<!-- Generated by org.testng.reporters.JUnitXMLReporter -->
<testsuite ignored="0" hostname="DESKTOP-9I87QRH" failures="3" tests="5" name="QuenMatKhauTest" time="0.686" errors="0" timestamp="2024-04-07T15:34:15 ICT">
  <testcase classname="Nguyen.QuenMatKhau.sendOTPTest" name="TC_SEND_OTP_01" time="0.664"/>
  <testcase classname="Nguyen.QuenMatKhau.sendOTPTest" name="TC_SEND_OTP_02" time="0.001"/>
  <testcase classname="Nguyen.QuenMatKhau.sendOTPTest" name="TC_SEND_OTP_03" time="0.0">
    <failure type="java.lang.AssertionError" message="expected [Email chưa đúng định dạng!] but found [Vui lòng đợi 30 giây trước khi gửi lại OTP.]">
      <![CDATA[java.lang.AssertionError: expected [Email chưa đúng định dạng!] but found [Vui lòng đợi 30 giây trước khi gửi lại OTP.]
at Nguyen.QuenMatKhau.sendOTPTest.TC_SEND_OTP_03(sendOTPTest.java:52)
at java.base/java.util.ArrayList.forEach(ArrayList.java:1511)
... Removed 31 stack frames]]>
    </failure>
  </testcase> <!-- TC_SEND_OTP_03 -->
  <testcase classname="Nguyen.QuenMatKhau.sendOTPTest" name="TC_SEND_OTP_04" time="0.004">
    <failure type="java.lang.AssertionError" message="expected [null] but found [Vui lòng đợi 30 giây trước khi gửi lại OTP.]">
      <![CDATA[java.lang.AssertionError: expected [null] but found [Vui lòng đợi 30 giây trước khi gửi lại OTP.]
at Nguyen.QuenMatKhau.sendOTPTest.TC_SEND_OTP_04(sendOTPTest.java:61)
at java.base/java.util.ArrayList.forEach(ArrayList.java:1511)
... Removed 31 stack frames]]>
    </failure>
  </testcase> <!-- TC_SEND_OTP_04 -->
  <testcase classname="Nguyen.QuenMatKhau.sendOTPTest" name="TC_SEND_OTP_05" time="0.0">
    <failure type="java.lang.AssertionError" message="expected [Email chưa đúng định dạng!] but found [Vui lòng đợi 30 giây trước khi gửi lại OTP.]">
      <![CDATA[java.lang.AssertionError: expected [Email chưa đúng định dạng!] but found [Vui lòng đợi 30 giây trước khi gửi lại OTP.]
at Nguyen.QuenMatKhau.sendOTPTest.TC_SEND_OTP_05(sendOTPTest.java:68)
at java.base/java.util.ArrayList.forEach(ArrayList.java:1511)
... Removed 31 stack frames]]>
    </failure>
  </testcase> <!-- TC_SEND_OTP_05 -->
</testsuite> <!-- QuenMatKhauTest -->
