<?xml version="1.0" encoding="UTF-8"?>
<!-- Generated by org.testng.reporters.JUnitXMLReporter -->
<testsuite ignored="0" hostname="DESKTOP-9I87QRH" failures="1" tests="9" name="DoiMatKhauTest" time="1.837" errors="0" timestamp="2024-04-07T17:48:34 ICT">
  <testcase classname="Nhu.DoiMatKhau.DoiMatKhauTest" name="TC_01" time="0.053"/>
  <testcase classname="Nhu.DoiMatKhau.DoiMatKhauTest" name="TC_02" time="0.025"/>
  <testcase classname="Nhu.DoiMatKhau.DoiMatKhauTest" name="TC_03" time="0.038"/>
  <testcase classname="Nhu.DoiMatKhau.DoiMatKhauTest" name="TC_04" time="0.023"/>
  <testcase classname="Nhu.DoiMatKhau.DoiMatKhauTest" name="TC_05" time="0.023"/>
  <testcase classname="Nhu.DoiMatKhau.DoiMatKhauTest" name="TC_06" time="0.473"/>
  <testcase classname="Nhu.DoiMatKhau.DoiMatKhauTest" name="TC_07" time="0.369"/>
  <testcase classname="Nhu.DoiMatKhau.DoiMatKhauTest" name="TC_08" time="0.754"/>
  <testcase classname="Nhu.DoiMatKhau.DoiMatKhauTest" name="TC_09" time="0.022">
    <failure type="java.lang.NullPointerException" message="Cannot invoke &amp;quot;String.isEmpty()&amp;quot; because &amp;quot;username&amp;quot; is null">
      <![CDATA[java.lang.NullPointerException: Cannot invoke "String.isEmpty()" because "username" is null
at view.DoiMatKhau.doiMatKhau_Test(DoiMatKhau.java:59)
at Nhu.DoiMatKhau.DoiMatKhauTest.TC_09(DoiMatKhauTest.java:62)
at java.base/java.util.ArrayList.forEach(ArrayList.java:1511)
... Removed 25 stack frames]]>
    </failure>
  </testcase> <!-- TC_09 -->
</testsuite> <!-- DoiMatKhauTest -->
