<?xml version="1.0" encoding="UTF-8"?>
<!-- Generated by org.testng.reporters.JUnitXMLReporter -->
<testsuite ignored="0" hostname="DESKTOP-9I87QRH" failures="3" tests="31" name="KhachHangTest" time="0.386" errors="0" timestamp="2024-04-07T17:48:35 ICT">
  <testcase classname="Nhu.KhachHang.CapNhatTest" name="TC_CAPNHAT_01" time="0.081">
    <failure type="java.lang.AssertionError" message="expected [Thêm thành công!] but found [Thêm thất bại!]">
      <![CDATA[java.lang.AssertionError: expected [Thêm thành công!] but found [Thêm thất bại!]
at Nhu.KhachHang.CapNhatTest.TC_CAPNHAT_01(CapNhatTest.java:21)
at java.base/java.util.ArrayList.forEach(ArrayList.java:1511)
... Removed 31 stack frames]]>
    </failure>
  </testcase> <!-- TC_CAPNHAT_01 -->
  <testcase classname="Nhu.KhachHang.CapNhatTest" name="TC_CAPNHAT_02" time="0.002"/>
  <testcase classname="Nhu.KhachHang.CapNhatTest" name="TC_CAPNHAT_03" time="0.001"/>
  <testcase classname="Nhu.KhachHang.CapNhatTest" name="TC_CAPNHAT_04" time="0.001"/>
  <testcase classname="Nhu.KhachHang.CapNhatTest" name="TC_CAPNHAT_05" time="0.001"/>
  <testcase classname="Nhu.KhachHang.CapNhatTest" name="TC_CAPNHAT_06" time="0.002"/>
  <testcase classname="Nhu.KhachHang.CapNhatTest" name="TC_CAPNHAT_07" time="0.001"/>
  <testcase classname="Nhu.KhachHang.CapNhatTest" name="TC_CAPNHAT_08" time="0.001"/>
  <testcase classname="Nhu.KhachHang.TaoMaKHTest" name="TC_TAOMAKH_01" time="0.002"/>
  <testcase classname="Nhu.KhachHang.TaoMaKHTest" name="TC_TAOMAKH_02" time="0.001"/>
  <testcase classname="Nhu.KhachHang.TaoMaKHTest" name="TC_TAOMAKH_03" time="0.003"/>
  <testcase classname="Nhu.KhachHang.TaoMaKHTest" name="TC_TAOMAKH_04" time="0.001"/>
  <testcase classname="Nhu.KhachHang.TaoMaKHTest" name="TC_TAOMAKH_05" time="0.002"/>
  <testcase classname="Nhu.KhachHang.TaoMaKHTest" name="TC_TAOMAKH_06" time="0.001"/>
  <testcase classname="Nhu.KhachHang.TaoMaKHTest" name="TC_TAOMAKH_07" time="0.005"/>
  <testcase classname="Nhu.KhachHang.TaoMaKHTest" name="TC_TAOMAKH_08" time="0.001"/>
  <testcase classname="Nhu.KhachHang.TaoMaKHTest" name="TC_TAOMAKH_09" time="0.002"/>
  <testcase classname="Nhu.KhachHang.TaoMaKHTest" name="TC_TAOMAKH_10" time="0.001"/>
  <testcase classname="Nhu.KhachHang.TaoMaKHTest" name="TC_TAOMAKH_11" time="0.001"/>
  <testcase classname="Nhu.KhachHang.ThemTest" name="TC_THEM_01" time="0.118">
    <failure type="java.lang.AssertionError" message="expected [Thêm thành công!] but found [Thêm thất bại!]">
      <![CDATA[java.lang.AssertionError: expected [Thêm thành công!] but found [Thêm thất bại!]
at Nhu.KhachHang.ThemTest.TC_THEM_01(ThemTest.java:20)
at java.base/java.util.ArrayList.forEach(ArrayList.java:1511)
... Removed 31 stack frames]]>
    </failure>
  </testcase> <!-- TC_THEM_01 -->
  <testcase classname="Nhu.KhachHang.ThemTest" name="TC_THEM_02" time="0.001"/>
  <testcase classname="Nhu.KhachHang.ThemTest" name="TC_THEM_03" time="0.002"/>
  <testcase classname="Nhu.KhachHang.ThemTest" name="TC_THEM_04" time="0.001"/>
  <testcase classname="Nhu.KhachHang.ThemTest" name="TC_THEM_05" time="0.001"/>
  <testcase classname="Nhu.KhachHang.ThemTest" name="TC_THEM_06" time="0.001"/>
  <testcase classname="Nhu.KhachHang.ThemTest" name="TC_THEM_07" time="0.002"/>
  <testcase classname="Nhu.KhachHang.ThemTest" name="TC_THEM_08" time="0.002"/>
  <testcase classname="Nhu.KhachHang.XoaTest" name="TC_XOA_01" time="0.055">
    <failure type="java.lang.AssertionError" message="expected [Xóa thành công!] but found [Mã khách hàng không tồn tại]">
      <![CDATA[java.lang.AssertionError: expected [Xóa thành công!] but found [Mã khách hàng không tồn tại]
at Nhu.KhachHang.XoaTest.TC_XOA_01(XoaTest.java:31)
at java.base/java.util.ArrayList.forEach(ArrayList.java:1511)
... Removed 31 stack frames]]>
    </failure>
  </testcase> <!-- TC_XOA_01 -->
  <testcase classname="Nhu.KhachHang.XoaTest" name="TC_XOA_02" time="0.002"/>
  <testcase classname="Nhu.KhachHang.XoaTest" name="TC_XOA_03" time="0.001"/>
  <testcase classname="Nhu.KhachHang.XoaTest" name="TC_XOA_04" time="0.026"/>
</testsuite> <!-- KhachHangTest -->
