<?xml version="1.0" encoding="UTF-8"?>
<!-- Generated by org.testng.reporters.JUnitXMLReporter -->
<testsuite ignored="0" hostname="DESKTOP-9I87QRH" failures="4" tests="29" name="KhuyenMaiTest" time="2.692" errors="0" timestamp="2024-04-07T17:48:38 ICT">
  <testcase classname="Nhu.KhuyenMai.CapNhatTest" name="TC_CAPNHATKM_02" time="0.001">
    <failure type="java.lang.NullPointerException" message="Cannot invoke &amp;quot;model.KhuyenMai.getTenKM()&amp;quot; because &amp;quot;km&amp;quot; is null">
      <![CDATA[java.lang.NullPointerException: Cannot invoke "model.KhuyenMai.getTenKM()" because "km" is null
at view.KhuyenMai.KiemLoi_Test(KhuyenMai.java:414)
at view.KhuyenMai.capnhat_Test(KhuyenMai.java:270)
at Nhu.KhuyenMai.CapNhatTest.TC_CAPNHATKM_02(CapNhatTest.java:58)
at java.base/java.util.ArrayList.forEach(ArrayList.java:1511)
... Removed 25 stack frames]]>
    </failure>
  </testcase> <!-- TC_CAPNHATKM_02 -->
  <testcase classname="Nhu.KhuyenMai.CapNhatTest" name="TC_THEMKM_01" time="0.06"/>
  <testcase classname="Nhu.KhuyenMai.CapNhatTest" name="TC_THEMKM_03" time="0.001"/>
  <testcase classname="Nhu.KhuyenMai.CapNhatTest" name="TC_THEMKM_04" time="0.0"/>
  <testcase classname="Nhu.KhuyenMai.CapNhatTest" name="TC_THEMKM_05" time="0.041"/>
  <testcase classname="Nhu.KhuyenMai.CapNhatTest" name="TC_THEMKM_06" time="0.002"/>
  <testcase classname="Nhu.KhuyenMai.CapNhatTest" name="TC_THEMKM_07" time="0.003"/>
  <testcase classname="Nhu.KhuyenMai.CapNhatTest" name="TC_THEMKM_08" time="0.002"/>
  <testcase classname="Nhu.KhuyenMai.taoMaKMTest" name="TC_TAOMAKM_01" time="0.001"/>
  <testcase classname="Nhu.KhuyenMai.taoMaKMTest" name="TC_TAOMAKM_02" time="0.001"/>
  <testcase classname="Nhu.KhuyenMai.taoMaKMTest" name="TC_TAOMAKM_03" time="0.002"/>
  <testcase classname="Nhu.KhuyenMai.taoMaKMTest" name="TC_TAOMAKM_04" time="0.001"/>
  <testcase classname="Nhu.KhuyenMai.taoMaKMTest" name="TC_TAOMAKM_05" time="0.001"/>
  <testcase classname="Nhu.KhuyenMai.taoMaKMTest" name="TC_TAOMAKM_06" time="0.001"/>
  <testcase classname="Nhu.KhuyenMai.taoMaKMTest" name="TC_TAOMAKM_07" time="0.007"/>
  <testcase classname="Nhu.KhuyenMai.taoMaKMTest" name="TC_TAOMAKM_08" time="0.001"/>
  <testcase classname="Nhu.KhuyenMai.taoMaKMTest" name="TC_TAOMAKM_09" time="0.001"/>
  <testcase classname="Nhu.KhuyenMai.taoMaKMTest" name="TC_TAOMAKM_10" time="0.001"/>
  <testcase classname="Nhu.KhuyenMai.taoMaKMTest" name="TC_TAOMAKM_11" time="0.005"/>
  <testcase classname="Nhu.KhuyenMai.ThemTest" name="TC_THEMKM_01" time="0.033"/>
  <testcase classname="Nhu.KhuyenMai.ThemTest" name="TC_THEMKM_02" time="0.049">
    <failure type="java.lang.AssertionError" message="expected [Thêm thành công với 1 sản phẩm] but found [java.lang.RuntimeException: com.microsoft.sqlserver.jdbc.SQLServerException: Violation of UNIQUE KEY constraint &amp;apos;UQ__SanPham__8BBF4A1CBD3A9718&amp;apos;. Cannot insert duplicate key in object &amp;apos;dbo.SanPham&amp;apos;. The duplicate key value is (&amp;lt;NULL&amp;gt;).]">
      <![CDATA[java.lang.AssertionError: expected [Thêm thành công với 1 sản phẩm] but found [java.lang.RuntimeException: com.microsoft.sqlserver.jdbc.SQLServerException: Violation of UNIQUE KEY constraint 'UQ__SanPham__8BBF4A1CBD3A9718'. Cannot insert duplicate key in object 'dbo.SanPham'. The duplicate key value is (<NULL>).]
at Nhu.KhuyenMai.ThemTest.TC_THEMKM_02(ThemTest.java:74)
at java.base/java.util.ArrayList.forEach(ArrayList.java:1511)
... Removed 31 stack frames]]>
    </failure>
  </testcase> <!-- TC_THEMKM_02 -->
  <testcase classname="Nhu.KhuyenMai.ThemTest" name="TC_THEMKM_03" time="0.001">
    <failure type="java.lang.NullPointerException" message="Cannot invoke &amp;quot;model.KhuyenMai.getTenKM()&amp;quot; because &amp;quot;km&amp;quot; is null">
      <![CDATA[java.lang.NullPointerException: Cannot invoke "model.KhuyenMai.getTenKM()" because "km" is null
at view.KhuyenMai.KiemLoi_Test(KhuyenMai.java:414)
at view.KhuyenMai.them_Test(KhuyenMai.java:383)
at Nhu.KhuyenMai.ThemTest.TC_THEMKM_03(ThemTest.java:80)
at java.base/java.util.ArrayList.forEach(ArrayList.java:1511)
... Removed 25 stack frames]]>
    </failure>
  </testcase> <!-- TC_THEMKM_03 -->
  <testcase classname="Nhu.KhuyenMai.ThemTest" name="TC_THEMKM_04" time="0.002">
    <failure type="java.lang.NullPointerException" message="Cannot invoke &amp;quot;String.isEmpty()&amp;quot; because the return value of &amp;quot;model.KhuyenMai.getTenKM()&amp;quot; is null">
      <![CDATA[java.lang.NullPointerException: Cannot invoke "String.isEmpty()" because the return value of "model.KhuyenMai.getTenKM()" is null
at view.KhuyenMai.KiemLoi_Test(KhuyenMai.java:414)
at view.KhuyenMai.them_Test(KhuyenMai.java:383)
at Nhu.KhuyenMai.ThemTest.TC_THEMKM_04(ThemTest.java:91)
at java.base/java.util.ArrayList.forEach(ArrayList.java:1511)
... Removed 25 stack frames]]>
    </failure>
  </testcase> <!-- TC_THEMKM_04 -->
  <testcase classname="Nhu.KhuyenMai.ThemTest" name="TC_THEMKM_05" time="0.001"/>
  <testcase classname="Nhu.KhuyenMai.ThemTest" name="TC_THEMKM_06" time="0.001"/>
  <testcase classname="Nhu.KhuyenMai.ThemTest" name="TC_THEMKM_07" time="0.057"/>
  <testcase classname="Nhu.KhuyenMai.ThemTest" name="TC_THEMKM_08" time="0.001"/>
  <testcase classname="Nhu.KhuyenMai.ThemTest" name="TC_THEMKM_09" time="0.004"/>
  <testcase classname="Nhu.KhuyenMai.ThemTest" name="TC_THEMKM_10" time="0.002"/>
</testsuite> <!-- KhuyenMaiTest -->
