<?xml version="1.0" encoding="UTF-8"?>
<!-- Generated by org.testng.reporters.JUnitXMLReporter -->
<testsuite ignored="0" hostname="DESKTOP-9I87QRH" failures="0" tests="4" name="LoginTest" time="0.947" errors="0" timestamp="2024-04-07T17:49:17 ICT">
  <testcase classname="Nguyen.Login.loginTest" name="TC_Login_01" time="0.362"/>
  <testcase classname="Nguyen.Login.loginTest" name="TC_Login_02" time="0.054"/>
  <testcase classname="Nguyen.Login.loginTest" name="TC_Login_03" time="0.066"/>
  <testcase classname="Nguyen.Login.loginTest" name="TC_Login_04" time="0.461"/>
</testsuite> <!-- LoginTest -->
