<?xml version="1.0" encoding="UTF-8"?>
<!-- Generated by org.testng.reporters.JUnitXMLReporter -->
<testsuite ignored="0" hostname="DESKTOP-9I87QRH" failures="1" tests="24" name="NhaCungCapTest" time="15.796" errors="0" timestamp="2024-04-07T17:49:33 ICT">
  <testcase classname="Nguyen.NhaCungCap.capNhatTest" name="TC_CAPNHAT_01" time="0.028"/>
  <testcase classname="Nguyen.NhaCungCap.capNhatTest" name="TC_CAPNHAT_02" time="0.022"/>
  <testcase classname="Nguyen.NhaCungCap.capNhatTest" name="TC_CAPNHAT_03" time="0.016"/>
  <testcase classname="Nguyen.NhaCungCap.capNhatTest" name="TC_CAPNHAT_04" time="0.042"/>
  <testcase classname="Nguyen.NhaCungCap.capNhatTest" name="TC_CAPNHAT_05" time="0.013"/>
  <testcase classname="Nguyen.NhaCungCap.taoMaNCCTest" name="TC_TAO_MA_NCC_02" time="0.001"/>
  <testcase classname="Nguyen.NhaCungCap.taoMaNCCTest" name="TC_TAO_MA_NCC_03" time="0.001"/>
  <testcase classname="Nguyen.NhaCungCap.taoMaNCCTest" name="TC_TAO_MA_NCC_04" time="0.0"/>
  <testcase classname="Nguyen.NhaCungCap.taoMaNCCTest" name="TC_TAO_MA_NCC_05" time="0.0"/>
  <testcase classname="Nguyen.NhaCungCap.taoMaNCCTest" name="TC_TAO_MA_NCC_06" time="0.0"/>
  <testcase classname="Nguyen.NhaCungCap.taoMaNCCTest" name="TC_TAO_MA_NCC_07" time="0.0"/>
  <testcase classname="Nguyen.NhaCungCap.taoMaNCCTest" name="TC_TAO_MA_NCC_08" time="0.0"/>
  <testcase classname="Nguyen.NhaCungCap.taoMaNCCTest" name="TC_TAO_MA_NCC_09" time="0.001"/>
  <testcase classname="Nguyen.NhaCungCap.taoMaNCCTest" name="TC_TAO_MA_NCC_10" time="15.373"/>
  <testcase classname="Nguyen.NhaCungCap.taoMaNCCTest" name="TC_TAO_MA_NCC_11" time="0.021"/>
  <testcase classname="Nguyen.NhaCungCap.taoMaNCCTest" name="TC_TAO_MA_NV_01" time="0.001"/>
  <testcase classname="Nguyen.NhaCungCap.themTest" name="TC_THEM_01" time="0.057">
    <failure type="java.lang.AssertionError" message="expected [Thêm thành công!] but found [java.lang.RuntimeException: com.microsoft.sqlserver.jdbc.SQLServerException: Violation of PRIMARY KEY constraint &amp;apos;PK__NhaCungC__3A185DEB8621C31E&amp;apos;. Cannot insert duplicate key in object &amp;apos;dbo.NhaCungCap&amp;apos;. The duplicate key value is (NCC031).]">
      <![CDATA[java.lang.AssertionError: expected [Thêm thành công!] but found [java.lang.RuntimeException: com.microsoft.sqlserver.jdbc.SQLServerException: Violation of PRIMARY KEY constraint 'PK__NhaCungC__3A185DEB8621C31E'. Cannot insert duplicate key in object 'dbo.NhaCungCap'. The duplicate key value is (NCC031).]
at Nguyen.NhaCungCap.themTest.TC_THEM_01(themTest.java:17)
at java.base/java.util.ArrayList.forEach(ArrayList.java:1511)
... Removed 31 stack frames]]>
    </failure>
  </testcase> <!-- TC_THEM_01 -->
  <testcase classname="Nguyen.NhaCungCap.themTest" name="TC_THEM_02" time="0.032"/>
  <testcase classname="Nguyen.NhaCungCap.themTest" name="TC_THEM_03" time="0.029"/>
  <testcase classname="Nguyen.NhaCungCap.themTest" name="TC_THEM_04" time="0.03"/>
  <testcase classname="Nguyen.NhaCungCap.themTest" name="TC_THEM_05" time="0.028"/>
  <testcase classname="Nguyen.NhaCungCap.themTest" name="TC_THEM_06" time="0.026"/>
  <testcase classname="Nguyen.NhaCungCap.themTest" name="TC_THEM_07" time="0.027"/>
  <testcase classname="Nguyen.NhaCungCap.themTest" name="TC_THEM_08" time="0.026"/>
</testsuite> <!-- NhaCungCapTest -->
