<?xml version="1.0" encoding="UTF-8"?>
<!-- Generated by org.testng.reporters.JUnitXMLReporter -->
<testsuite ignored="0" hostname="DESKTOP-9I87QRH" failures="1" tests="27" name="NhanVienTest" time="1.002" errors="0" timestamp="2024-04-07T17:49:34 ICT">
  <testcase classname="Nguyen.NhanVien.addTest" name="TC_ADD_NV_01" time="0.058">
    <failure type="java.lang.AssertionError" message="expected [pass] but found [java.lang.RuntimeException: com.microsoft.sqlserver.jdbc.SQLServerException: Violation of UNIQUE KEY constraint &amp;apos;UQ__NhanVien__A9D10534699A4091&amp;apos;. Cannot insert duplicate key in object &amp;apos;dbo.NhanVien&amp;apos;. The duplicate key value is (nguyenTeo111@gmail.com).]">
      <![CDATA[java.lang.AssertionError: expected [pass] but found [java.lang.RuntimeException: com.microsoft.sqlserver.jdbc.SQLServerException: Violation of UNIQUE KEY constraint 'UQ__NhanVien__A9D10534699A4091'. Cannot insert duplicate key in object 'dbo.NhanVien'. The duplicate key value is (nguyenTeo111@gmail.com).]
at Nguyen.NhanVien.addTest.TC_ADD_NV_01(addTest.java:40)
at java.base/java.util.ArrayList.forEach(ArrayList.java:1511)
... Removed 31 stack frames]]>
    </failure>
  </testcase> <!-- TC_ADD_NV_01 -->
  <testcase classname="Nguyen.NhanVien.addTest" name="TC_ADD_NV_02" time="0.034"/>
  <testcase classname="Nguyen.NhanVien.addTest" name="TC_ADD_NV_03" time="0.031"/>
  <testcase classname="Nguyen.NhanVien.addTest" name="TC_ADD_NV_04" time="0.027"/>
  <testcase classname="Nguyen.NhanVien.addTest" name="TC_ADD_NV_05" time="0.028"/>
  <testcase classname="Nguyen.NhanVien.addTest" name="TC_ADD_NV_06" time="0.027"/>
  <testcase classname="Nguyen.NhanVien.addTest" name="TC_ADD_NV_07" time="0.026"/>
  <testcase classname="Nguyen.NhanVien.addTest" name="TC_ADD_NV_08" time="0.026"/>
  <testcase classname="Nguyen.NhanVien.addTest" name="TC_ADD_NV_09" time="0.026"/>
  <testcase classname="Nguyen.NhanVien.addTest" name="TC_ADD_NV_10" time="0.027"/>
  <testcase classname="Nguyen.NhanVien.addTest" name="TC_ADD_NV_11" time="0.077"/>
  <testcase classname="Nguyen.NhanVien.addTest" name="TC_ADD_NV_12" time="0.054"/>
  <testcase classname="Nguyen.NhanVien.taoMaNVTest" name="TC_TAO_MA_NV_01" time="0.001"/>
  <testcase classname="Nguyen.NhanVien.taoMaNVTest" name="TC_TAO_MA_NV_02" time="0.0"/>
  <testcase classname="Nguyen.NhanVien.taoMaNVTest" name="TC_TAO_MA_NV_03" time="0.0"/>
  <testcase classname="Nguyen.NhanVien.taoMaNVTest" name="TC_TAO_MA_NV_04" time="0.001"/>
  <testcase classname="Nguyen.NhanVien.taoMaNVTest" name="TC_TAO_MA_NV_05" time="0.0"/>
  <testcase classname="Nguyen.NhanVien.taoMaNVTest" name="TC_TAO_MA_NV_06" time="0.001"/>
  <testcase classname="Nguyen.NhanVien.taoMaNVTest" name="TC_TAO_MA_NV_07" time="0.001"/>
  <testcase classname="Nguyen.NhanVien.updateTest" name="TC_UPDATE_01" time="0.398"/>
  <testcase classname="Nguyen.NhanVien.updateTest" name="TC_UPDATE_02" time="0.021"/>
  <testcase classname="Nguyen.NhanVien.updateTest" name="TC_UPDATE_03" time="0.021"/>
  <testcase classname="Nguyen.NhanVien.updateTest" name="TC_UPDATE_04" time="0.019"/>
  <testcase classname="Nguyen.NhanVien.updateTest" name="TC_UPDATE_05" time="0.021"/>
  <testcase classname="Nguyen.NhanVien.updateTest" name="TC_UPDATE_06" time="0.019"/>
  <testcase classname="Nguyen.NhanVien.updateTest" name="TC_UPDATE_07" time="0.018"/>
  <testcase classname="Nguyen.NhanVien.updateTest" name="TC_UPDATE_08" time="0.016"/>
</testsuite> <!-- NhanVienTest -->
