<?xml version="1.0" encoding="UTF-8"?>
<!-- Generated by org.testng.reporters.JUnitXMLReporter -->
<testsuite ignored="0" hostname="DESKTOP-9I87QRH" failures="0" tests="19" name="NhapHangTest" time="0.079" errors="0" timestamp="2024-04-07T17:49:34 ICT">
  <testcase classname="Nguyen.NhapHang.taoMaCTNHTest" name="TC_TAO_MA_CTNH_01" time="0.013"/>
  <testcase classname="Nguyen.NhapHang.taoMaCTNHTest" name="TC_TAO_MA_CTNH_02" time="0.001"/>
  <testcase classname="Nguyen.NhapHang.taoMaCTNHTest" name="TC_TAO_MA_CTNH_03" time="0.0"/>
  <testcase classname="Nguyen.NhapHang.taoMaCTNHTest" name="TC_TAO_MA_CTNH_04" time="0.0"/>
  <testcase classname="Nguyen.NhapHang.taoMaCTNHTest" name="TC_TAO_MA_CTNH_05" time="0.0"/>
  <testcase classname="Nguyen.NhapHang.taoMaCTNHTest" name="TC_TAO_MA_CTNH_06" time="0.0"/>
  <testcase classname="Nguyen.NhapHang.taoMaCTNHTest" name="TC_TAO_MA_CTNH_07" time="0.0"/>
  <testcase classname="Nguyen.NhapHang.taoMaCTNHTest" name="TC_TAO_MA_CTNH_08" time="0.0"/>
  <testcase classname="Nguyen.NhapHang.taoMaNHTest" name="TC_TAO_MA_DN_01" time="0.021"/>
  <testcase classname="Nguyen.NhapHang.taoMaNHTest" name="TC_TAO_MA_DN_02" time="0.001"/>
  <testcase classname="Nguyen.NhapHang.taoMaNHTest" name="TC_TAO_MA_DN_03" time="0.001"/>
  <testcase classname="Nguyen.NhapHang.taoMaNHTest" name="TC_TAO_MA_DN_04" time="0.002"/>
  <testcase classname="Nguyen.NhapHang.taoMaNHTest" name="TC_TAO_MA_DN_05" time="0.001"/>
  <testcase classname="Nguyen.NhapHang.taoMaNHTest" name="TC_TAO_MA_DN_06" time="0.0"/>
  <testcase classname="Nguyen.NhapHang.taoMaNHTest" name="TC_TAO_MA_DN_07" time="0.001"/>
  <testcase classname="Nguyen.NhapHang.taoMaNHTest" name="TC_TAO_MA_DN_08" time="0.001"/>
  <testcase classname="Nguyen.NhapHang.taoMaNHTest" name="TC_TAO_MA_DN_09" time="0.001"/>
  <testcase classname="Nguyen.NhapHang.taoMaNHTest" name="TC_TAO_MA_DN_10" time="0.001"/>
  <testcase classname="Nguyen.NhapHang.taoMaNHTest" name="TC_TAO_MA_DN_11" time="0.001"/>
</testsuite> <!-- NhapHangTest -->
