<?xml version="1.0" encoding="UTF-8"?>
<!-- Generated by org.testng.reporters.JUnitXMLReporter -->
<testsuite ignored="0" hostname="DESKTOP-9I87QRH" failures="0" tests="7" name="ServerTest" time="0.017" errors="0" timestamp="2024-04-07T17:48:38 ICT">
  <testcase classname="Nhu.Server.ChuyenDoiTest" name="TC_CHUYENDOI_01" time="0.001"/>
  <testcase classname="Nhu.Server.ChuyenDoiTest" name="TC_CHUYENDOI_02" time="0.001"/>
  <testcase classname="Nhu.Server.ChuyenDoiTest" name="TC_CHUYENDOI_03" time="0.0"/>
  <testcase classname="Nhu.Server.ChuyenDoiTest" name="TC_CHUYENDOI_04" time="0.001"/>
  <testcase classname="Nhu.Server.ChuyenDoiTest" name="TC_CHUYENDOI_05" time="0.001"/>
  <testcase classname="Nhu.Server.ChuyenDoiTest" name="TC_CHUYENDOI_06" time="0.001"/>
  <testcase classname="Nhu.Server.ChuyenDoiTest" name="TC_CHUYENDOI_07" time="0.001"/>
</testsuite> <!-- ServerTest -->
