<?xml version="1.0" encoding="UTF-8"?>
<!-- Generated by org.testng.reporters.JUnitXMLReporter -->
<testsuite ignored="0" hostname="DESKTOP-9I87QRH" failures="0" tests="3" name="ThongKeTest" time="9.591" errors="0" timestamp="2024-04-07T17:49:49 ICT">
  <testcase classname="Nhiem.ThongKe.xuatDanhSachTest" name="testXuLyKhiFileLaNull" time="0.789"/>
  <testcase classname="Nhiem.ThongKe.xuatDanhSachTest" name="testXuatDanhSachWithData" time="7.998"/>
  <testcase classname="Nhiem.ThongKe.xuatDanhSachTest" name="testXuatDanhSachWithEmptyData" time="0.795"/>
</testsuite> <!-- ThongKeTest -->
