<?xml version="1.0" encoding="UTF-8"?>
<testng-results ignored="0" total="3" passed="3" failed="0" skipped="0">
  <reporter-output>
  </reporter-output>
  <suite started-at="2024-04-06T20:58:26 ICT" name="Default suite" finished-at="2024-04-06T20:58:31 ICT" duration-ms="5089">
    <groups>
    </groups>
    <test started-at="2024-04-06T20:58:26 ICT" name="Default test" finished-at="2024-04-06T20:58:31 ICT" duration-ms="5089">
      <class name="Nhiem.ThongKe.xuatDanhSachTest">
        <test-method signature="testXuatDanhSach()[pri:0, instance:Nhiem.ThongKe.xuatDanhSachTest@2fc0cc3]" started-at="2024-04-06T20:58:26 ICT" name="testXuatDanhSach" finished-at="2024-04-06T20:58:29 ICT" duration-ms="3124" status="PASS">
          <reporter-output>
          </reporter-output>
        </test-method> <!-- testXuatDanhSach -->
        <test-method signature="testXuatDanhSachWithEmptyTable()[pri:0, instance:Nhiem.ThongKe.xuatDanhSachTest@2fc0cc3]" started-at="2024-04-06T20:58:29 ICT" name="testXuatDanhSachWithEmptyTable" finished-at="2024-04-06T20:58:31 ICT" duration-ms="1828" status="PASS">
          <reporter-output>
          </reporter-output>
        </test-method> <!-- testXuatDanhSachWithEmptyTable -->
        <test-method signature="testXuatDanhSachWithNullFile()[pri:0, instance:Nhiem.ThongKe.xuatDanhSachTest@2fc0cc3]" started-at="2024-04-06T20:58:31 ICT" name="testXuatDanhSachWithNullFile" finished-at="2024-04-06T20:58:31 ICT" duration-ms="82" status="PASS">
          <reporter-output>
          </reporter-output>
        </test-method> <!-- testXuatDanhSachWithNullFile -->
      </class> <!-- Nhiem.ThongKe.xuatDanhSachTest -->
    </test> <!-- Default test -->
  </suite> <!-- Default suite -->
</testng-results>
