<?xml version="1.0" encoding="UTF-8"?>
<testng-results ignored="0" total="115" passed="104" failed="11" skipped="0">
  <reporter-output>
  </reporter-output>
  <suite started-at="2024-04-06T22:54:16 ICT" name="NhiemXMFTestSuite" finished-at="2024-04-06T22:54:28 ICT" duration-ms="12434">
    <groups>
    </groups>
    <test started-at="2024-04-06T22:54:16 ICT" name="EncodeTest" finished-at="2024-04-06T22:54:18 ICT" duration-ms="1909">
      <class name="Nhiem.Encode.EncodeTest">
        <test-method signature="TC_CHECK_01()[pri:0, instance:Nhiem.Encode.EncodeTest@67a20f67]" started-at="2024-04-06T22:54:16 ICT" name="TC_CHECK_01" description="Kiểm tra khi mật khẩu nhập vào khớp với mật khẩu đã mã hóa" finished-at="2024-04-06T22:54:17 ICT" duration-ms="816" status="PASS">
          <reporter-output>
          </reporter-output>
        </test-method> <!-- TC_CHECK_01 -->
        <test-method signature="TC_CHECK_02()[pri:0, instance:Nhiem.Encode.EncodeTest@67a20f67]" started-at="2024-04-06T22:54:17 ICT" name="TC_CHECK_02" description="Kiểm tra khi mật khẩu nhập vào không khớp với mật khẩu đã mã hóa" finished-at="2024-04-06T22:54:18 ICT" duration-ms="699" status="PASS">
          <reporter-output>
          </reporter-output>
        </test-method> <!-- TC_CHECK_02 -->
        <test-method signature="TC_HASH_01()[pri:0, instance:Nhiem.Encode.EncodeTest@67a20f67]" started-at="2024-04-06T22:54:18 ICT" name="TC_HASH_01" description="Kiểm tra khi tạo mật khẩu mới với đầu vào hợp lệ" finished-at="2024-04-06T22:54:18 ICT" duration-ms="346" status="PASS">
          <reporter-output>
          </reporter-output>
        </test-method> <!-- TC_HASH_01 -->
        <test-method signature="TC_HASH_02()[pri:0, instance:Nhiem.Encode.EncodeTest@67a20f67]" started-at="2024-04-06T22:54:18 ICT" name="TC_HASH_02" description="Kiểm tra khi có lỗi xảy ra khi tạo mật khẩu mới" finished-at="2024-04-06T22:54:18 ICT" duration-ms="2" status="PASS">
          <reporter-output>
          </reporter-output>
        </test-method> <!-- TC_HASH_02 -->
      </class> <!-- Nhiem.Encode.EncodeTest -->
    </test> <!-- EncodeTest -->
    <test started-at="2024-04-06T22:54:18 ICT" name="SanPhamTest" finished-at="2024-04-06T22:54:21 ICT" duration-ms="3211">
      <class name="Nhiem.SanPham.CapNhapTest">
        <test-method signature="TC_CAPNHAT_01()[pri:0, instance:Nhiem.SanPham.CapNhapTest@1991f767]" started-at="2024-04-06T22:54:19 ICT" name="TC_CAPNHAT_01" description="Cập nhật thông tin sản phẩm thành công" finished-at="2024-04-06T22:54:19 ICT" duration-ms="73" status="PASS">
          <reporter-output>
          </reporter-output>
        </test-method> <!-- TC_CAPNHAT_01 -->
        <test-method signature="TC_CAPNHAT_02()[pri:0, instance:Nhiem.SanPham.CapNhapTest@1991f767]" started-at="2024-04-06T22:54:19 ICT" name="TC_CAPNHAT_02" description="Cập nhật với giá nhập &lt;= 0" finished-at="2024-04-06T22:54:19 ICT" duration-ms="44" status="PASS">
          <reporter-output>
          </reporter-output>
        </test-method> <!-- TC_CAPNHAT_02 -->
        <test-method signature="TC_CAPNHAT_03()[pri:0, instance:Nhiem.SanPham.CapNhapTest@1991f767]" started-at="2024-04-06T22:54:19 ICT" name="TC_CAPNHAT_03" description="Cập nhật với giá bán &lt;= 0" finished-at="2024-04-06T22:54:19 ICT" duration-ms="80" status="PASS">
          <reporter-output>
          </reporter-output>
        </test-method> <!-- TC_CAPNHAT_03 -->
        <test-method signature="TC_CAPNHAT_04()[pri:0, instance:Nhiem.SanPham.CapNhapTest@1991f767]" started-at="2024-04-06T22:54:19 ICT" name="TC_CAPNHAT_04" description="Cập nhật với giá bán nhỏ hơn giá nhập" finished-at="2024-04-06T22:54:19 ICT" duration-ms="61" status="PASS">
          <reporter-output>
          </reporter-output>
        </test-method> <!-- TC_CAPNHAT_04 -->
        <test-method signature="TC_CAPNHAT_05()[pri:0, instance:Nhiem.SanPham.CapNhapTest@1991f767]" started-at="2024-04-06T22:54:19 ICT" name="TC_CAPNHAT_05" description="Cập nhật với tên sản phẩm chứa số" finished-at="2024-04-06T22:54:19 ICT" duration-ms="112" status="FAIL">
          <exception class="java.lang.AssertionError">
            <message>
              <![CDATA[expected [Tên sản phẩm không được chứa số] but found [Cập nhật thành công]]]>
            </message>
            <full-stacktrace>
              <![CDATA[java.lang.AssertionError: expected [Tên sản phẩm không được chứa số] but found [Cập nhật thành công]
at org.testng.Assert.fail(Assert.java:99)
at org.testng.Assert.failNotEquals(Assert.java:1037)
at org.testng.Assert.assertEqualsImpl(Assert.java:140)
at org.testng.Assert.assertEquals(Assert.java:122)
at org.testng.Assert.assertEquals(Assert.java:629)
at org.testng.Assert.assertEquals(Assert.java:639)
at Nhiem.SanPham.CapNhapTest.TC_CAPNHAT_05(CapNhapTest.java:56)
at java.base/jdk.internal.reflect.DirectMethodHandleAccessor.invoke(DirectMethodHandleAccessor.java:104)
at java.base/java.lang.reflect.Method.invoke(Method.java:578)
at org.testng.internal.MethodInvocationHelper.invokeMethod(MethodInvocationHelper.java:133)
at org.testng.internal.TestInvoker.invokeMethod(TestInvoker.java:598)
at org.testng.internal.TestInvoker.invokeTestMethod(TestInvoker.java:173)
at org.testng.internal.MethodRunner.runInSequence(MethodRunner.java:46)
at org.testng.internal.TestInvoker$MethodInvocationAgent.invoke(TestInvoker.java:824)
at org.testng.internal.TestInvoker.invokeTestMethods(TestInvoker.java:146)
at org.testng.internal.TestMethodWorker.invokeTestMethods(TestMethodWorker.java:146)
at org.testng.internal.TestMethodWorker.run(TestMethodWorker.java:128)
at java.base/java.util.ArrayList.forEach(ArrayList.java:1511)
at org.testng.TestRunner.privateRun(TestRunner.java:794)
at org.testng.TestRunner.run(TestRunner.java:596)
at org.testng.SuiteRunner.runTest(SuiteRunner.java:377)
at org.testng.SuiteRunner.runSequentially(SuiteRunner.java:371)
at org.testng.SuiteRunner.privateRun(SuiteRunner.java:332)
at org.testng.SuiteRunner.run(SuiteRunner.java:276)
at org.testng.SuiteRunnerWorker.runSuite(SuiteRunnerWorker.java:53)
at org.testng.SuiteRunnerWorker.run(SuiteRunnerWorker.java:96)
at org.testng.TestNG.runSuitesSequentially(TestNG.java:1212)
at org.testng.TestNG.runSuitesLocally(TestNG.java:1134)
at org.testng.TestNG.runSuites(TestNG.java:1063)
at org.testng.TestNG.run(TestNG.java:1031)
at org.testng.remote.AbstractRemoteTestNG.run(AbstractRemoteTestNG.java:115)
at org.testng.remote.RemoteTestNG.initAndRun(RemoteTestNG.java:251)
at org.testng.remote.RemoteTestNG.main(RemoteTestNG.java:77)
]]>
            </full-stacktrace>
          </exception> <!-- java.lang.AssertionError -->
          <reporter-output>
          </reporter-output>
        </test-method> <!-- TC_CAPNHAT_05 -->
        <test-method signature="TC_CAPNHAT_06()[pri:0, instance:Nhiem.SanPham.CapNhapTest@1991f767]" started-at="2024-04-06T22:54:19 ICT" name="TC_CAPNHAT_06" description="Cập nhật với mã vạch chứa ký tự đặc biệt và chữ cái" finished-at="2024-04-06T22:54:19 ICT" duration-ms="76" status="PASS">
          <reporter-output>
          </reporter-output>
        </test-method> <!-- TC_CAPNHAT_06 -->
        <test-method signature="TC_CAPNHAT_07()[pri:0, instance:Nhiem.SanPham.CapNhapTest@1991f767]" started-at="2024-04-06T22:54:19 ICT" name="TC_CAPNHAT_07" description="Cập nhật sản phẩm không tồn tại" finished-at="2024-04-06T22:54:19 ICT" duration-ms="30" status="FAIL">
          <exception class="java.lang.NullPointerException">
            <message>
              <![CDATA[Cannot invoke "model.SanPham.setTenSP(String)" because "sp" is null]]>
            </message>
            <full-stacktrace>
              <![CDATA[java.lang.NullPointerException: Cannot invoke "model.SanPham.setTenSP(String)" because "sp" is null
at Nhiem.SanPham.CapNhapTest.TC_CAPNHAT_07(CapNhapTest.java:71)
at java.base/jdk.internal.reflect.DirectMethodHandleAccessor.invoke(DirectMethodHandleAccessor.java:104)
at java.base/java.lang.reflect.Method.invoke(Method.java:578)
at org.testng.internal.MethodInvocationHelper.invokeMethod(MethodInvocationHelper.java:133)
at org.testng.internal.TestInvoker.invokeMethod(TestInvoker.java:598)
at org.testng.internal.TestInvoker.invokeTestMethod(TestInvoker.java:173)
at org.testng.internal.MethodRunner.runInSequence(MethodRunner.java:46)
at org.testng.internal.TestInvoker$MethodInvocationAgent.invoke(TestInvoker.java:824)
at org.testng.internal.TestInvoker.invokeTestMethods(TestInvoker.java:146)
at org.testng.internal.TestMethodWorker.invokeTestMethods(TestMethodWorker.java:146)
at org.testng.internal.TestMethodWorker.run(TestMethodWorker.java:128)
at java.base/java.util.ArrayList.forEach(ArrayList.java:1511)
at org.testng.TestRunner.privateRun(TestRunner.java:794)
at org.testng.TestRunner.run(TestRunner.java:596)
at org.testng.SuiteRunner.runTest(SuiteRunner.java:377)
at org.testng.SuiteRunner.runSequentially(SuiteRunner.java:371)
at org.testng.SuiteRunner.privateRun(SuiteRunner.java:332)
at org.testng.SuiteRunner.run(SuiteRunner.java:276)
at org.testng.SuiteRunnerWorker.runSuite(SuiteRunnerWorker.java:53)
at org.testng.SuiteRunnerWorker.run(SuiteRunnerWorker.java:96)
at org.testng.TestNG.runSuitesSequentially(TestNG.java:1212)
at org.testng.TestNG.runSuitesLocally(TestNG.java:1134)
at org.testng.TestNG.runSuites(TestNG.java:1063)
at org.testng.TestNG.run(TestNG.java:1031)
at org.testng.remote.AbstractRemoteTestNG.run(AbstractRemoteTestNG.java:115)
at org.testng.remote.RemoteTestNG.initAndRun(RemoteTestNG.java:251)
at org.testng.remote.RemoteTestNG.main(RemoteTestNG.java:77)
]]>
            </full-stacktrace>
          </exception> <!-- java.lang.NullPointerException -->
          <reporter-output>
          </reporter-output>
        </test-method> <!-- TC_CAPNHAT_07 -->
        <test-method signature="TC_CAPNHAT_08()[pri:0, instance:Nhiem.SanPham.CapNhapTest@1991f767]" started-at="2024-04-06T22:54:19 ICT" name="TC_CAPNHAT_08" description="Cập nhật với mã khuyến mãi không tồn tại" finished-at="2024-04-06T22:54:20 ICT" duration-ms="204" status="PASS">
          <reporter-output>
          </reporter-output>
        </test-method> <!-- TC_CAPNHAT_08 -->
        <test-method signature="TC_CAPNHAT_09()[pri:0, instance:Nhiem.SanPham.CapNhapTest@1991f767]" started-at="2024-04-06T22:54:20 ICT" name="TC_CAPNHAT_09" description="Cập nhật với mã loại giày không tồn tại" finished-at="2024-04-06T22:54:20 ICT" duration-ms="43" status="PASS">
          <reporter-output>
          </reporter-output>
        </test-method> <!-- TC_CAPNHAT_09 -->
        <test-method signature="TC_CAPNHAT_10()[pri:0, instance:Nhiem.SanPham.CapNhapTest@1991f767]" started-at="2024-04-06T22:54:20 ICT" name="TC_CAPNHAT_10" description="Cập nhật với thiếu dữ liệu" finished-at="2024-04-06T22:54:20 ICT" duration-ms="55" status="PASS">
          <reporter-output>
          </reporter-output>
        </test-method> <!-- TC_CAPNHAT_10 -->
      </class> <!-- Nhiem.SanPham.CapNhapTest -->
      <class name="Nhiem.SanPham.capNhapCTSPTest">
        <test-method signature="TC_CAPNHATCTSP_01()[pri:0, instance:Nhiem.SanPham.capNhapCTSPTest@6e1d8f9e]" started-at="2024-04-06T22:54:18 ICT" name="TC_CAPNHATCTSP_01" description="Cập nhật thành công" finished-at="2024-04-06T22:54:18 ICT" duration-ms="100" status="PASS">
          <reporter-output>
          </reporter-output>
        </test-method> <!-- TC_CAPNHATCTSP_01 -->
        <test-method signature="TC_CAPNHATCTSP_02()[pri:0, instance:Nhiem.SanPham.capNhapCTSPTest@6e1d8f9e]" started-at="2024-04-06T22:54:18 ICT" name="TC_CAPNHATCTSP_02" description="Cập nhật với dữ liệu trống" finished-at="2024-04-06T22:54:18 ICT" duration-ms="1" status="PASS">
          <reporter-output>
          </reporter-output>
        </test-method> <!-- TC_CAPNHATCTSP_02 -->
        <test-method signature="TC_CAPNHATCTSP_03()[pri:0, instance:Nhiem.SanPham.capNhapCTSPTest@6e1d8f9e]" started-at="2024-04-06T22:54:18 ICT" name="TC_CAPNHATCTSP_03" description="Cập nhật khi sản phẩm không tồn tại" finished-at="2024-04-06T22:54:18 ICT" duration-ms="38" status="PASS">
          <reporter-output>
          </reporter-output>
        </test-method> <!-- TC_CAPNHATCTSP_03 -->
        <test-method signature="TC_CAPNHATCTSP_04()[pri:0, instance:Nhiem.SanPham.capNhapCTSPTest@6e1d8f9e]" started-at="2024-04-06T22:54:18 ICT" name="TC_CAPNHATCTSP_04" description="Cập nhật với dữ liệu chứa ký tự đặc biệt" finished-at="2024-04-06T22:54:18 ICT" duration-ms="147" status="PASS">
          <reporter-output>
          </reporter-output>
        </test-method> <!-- TC_CAPNHATCTSP_04 -->
        <test-method signature="TC_CAPNHATCTSP_05()[pri:0, instance:Nhiem.SanPham.capNhapCTSPTest@6e1d8f9e]" started-at="2024-04-06T22:54:18 ICT" name="TC_CAPNHATCTSP_05" description="Cập nhật với số lượng bằng 0" finished-at="2024-04-06T22:54:18 ICT" duration-ms="115" status="PASS">
          <reporter-output>
          </reporter-output>
        </test-method> <!-- TC_CAPNHATCTSP_05 -->
        <test-method signature="TC_CAPNHATCTSP_06()[pri:0, instance:Nhiem.SanPham.capNhapCTSPTest@6e1d8f9e]" started-at="2024-04-06T22:54:18 ICT" name="TC_CAPNHATCTSP_06" description="Cập nhật với số lượng lớn hơn 0" finished-at="2024-04-06T22:54:18 ICT" duration-ms="135" status="PASS">
          <reporter-output>
          </reporter-output>
        </test-method> <!-- TC_CAPNHATCTSP_06 -->
        <test-method signature="TC_CAPNHATCTSP_10()[pri:0, instance:Nhiem.SanPham.capNhapCTSPTest@6e1d8f9e]" started-at="2024-04-06T22:54:18 ICT" name="TC_CAPNHATCTSP_10" description="Cập nhật với mã kích thước rỗng" finished-at="2024-04-06T22:54:19 ICT" duration-ms="81" status="FAIL">
          <exception class="java.lang.AssertionError">
            <message>
              <![CDATA[expected [Lỗi bỏ trống mã kích thước] but found [Lỗi bỏ trống mã màuLỗi bỏ trống mã kích thước]]]>
            </message>
            <full-stacktrace>
              <![CDATA[java.lang.AssertionError: expected [Lỗi bỏ trống mã kích thước] but found [Lỗi bỏ trống mã màuLỗi bỏ trống mã kích thước]
at org.testng.Assert.fail(Assert.java:99)
at org.testng.Assert.failNotEquals(Assert.java:1037)
at org.testng.Assert.assertEqualsImpl(Assert.java:140)
at org.testng.Assert.assertEquals(Assert.java:122)
at org.testng.Assert.assertEquals(Assert.java:629)
at org.testng.Assert.assertEquals(Assert.java:639)
at Nhiem.SanPham.capNhapCTSPTest.TC_CAPNHATCTSP_10(capNhapCTSPTest.java:113)
at java.base/jdk.internal.reflect.DirectMethodHandleAccessor.invoke(DirectMethodHandleAccessor.java:104)
at java.base/java.lang.reflect.Method.invoke(Method.java:578)
at org.testng.internal.MethodInvocationHelper.invokeMethod(MethodInvocationHelper.java:133)
at org.testng.internal.TestInvoker.invokeMethod(TestInvoker.java:598)
at org.testng.internal.TestInvoker.invokeTestMethod(TestInvoker.java:173)
at org.testng.internal.MethodRunner.runInSequence(MethodRunner.java:46)
at org.testng.internal.TestInvoker$MethodInvocationAgent.invoke(TestInvoker.java:824)
at org.testng.internal.TestInvoker.invokeTestMethods(TestInvoker.java:146)
at org.testng.internal.TestMethodWorker.invokeTestMethods(TestMethodWorker.java:146)
at org.testng.internal.TestMethodWorker.run(TestMethodWorker.java:128)
at java.base/java.util.ArrayList.forEach(ArrayList.java:1511)
at org.testng.TestRunner.privateRun(TestRunner.java:794)
at org.testng.TestRunner.run(TestRunner.java:596)
at org.testng.SuiteRunner.runTest(SuiteRunner.java:377)
at org.testng.SuiteRunner.runSequentially(SuiteRunner.java:371)
at org.testng.SuiteRunner.privateRun(SuiteRunner.java:332)
at org.testng.SuiteRunner.run(SuiteRunner.java:276)
at org.testng.SuiteRunnerWorker.runSuite(SuiteRunnerWorker.java:53)
at org.testng.SuiteRunnerWorker.run(SuiteRunnerWorker.java:96)
at org.testng.TestNG.runSuitesSequentially(TestNG.java:1212)
at org.testng.TestNG.runSuitesLocally(TestNG.java:1134)
at org.testng.TestNG.runSuites(TestNG.java:1063)
at org.testng.TestNG.run(TestNG.java:1031)
at org.testng.remote.AbstractRemoteTestNG.run(AbstractRemoteTestNG.java:115)
at org.testng.remote.RemoteTestNG.initAndRun(RemoteTestNG.java:251)
at org.testng.remote.RemoteTestNG.main(RemoteTestNG.java:77)
]]>
            </full-stacktrace>
          </exception> <!-- java.lang.AssertionError -->
          <reporter-output>
          </reporter-output>
        </test-method> <!-- TC_CAPNHATCTSP_10 -->
        <test-method signature="TC_CAPNHATCTSP_11()[pri:0, instance:Nhiem.SanPham.capNhapCTSPTest@6e1d8f9e]" started-at="2024-04-06T22:54:19 ICT" name="TC_CAPNHATCTSP_11" description="Cập nhật với mô tả null" finished-at="2024-04-06T22:54:19 ICT" duration-ms="80" status="FAIL">
          <exception class="java.lang.AssertionError">
            <message>
              <![CDATA[expected [Cập nhật thành công] but found [Lỗi bỏ trống mã màu]]]>
            </message>
            <full-stacktrace>
              <![CDATA[java.lang.AssertionError: expected [Cập nhật thành công] but found [Lỗi bỏ trống mã màu]
at org.testng.Assert.fail(Assert.java:99)
at org.testng.Assert.failNotEquals(Assert.java:1037)
at org.testng.Assert.assertEqualsImpl(Assert.java:140)
at org.testng.Assert.assertEquals(Assert.java:122)
at org.testng.Assert.assertEquals(Assert.java:629)
at org.testng.Assert.assertEquals(Assert.java:639)
at Nhiem.SanPham.capNhapCTSPTest.TC_CAPNHATCTSP_11(capNhapCTSPTest.java:123)
at java.base/jdk.internal.reflect.DirectMethodHandleAccessor.invoke(DirectMethodHandleAccessor.java:104)
at java.base/java.lang.reflect.Method.invoke(Method.java:578)
at org.testng.internal.MethodInvocationHelper.invokeMethod(MethodInvocationHelper.java:133)
at org.testng.internal.TestInvoker.invokeMethod(TestInvoker.java:598)
at org.testng.internal.TestInvoker.invokeTestMethod(TestInvoker.java:173)
at org.testng.internal.MethodRunner.runInSequence(MethodRunner.java:46)
at org.testng.internal.TestInvoker$MethodInvocationAgent.invoke(TestInvoker.java:824)
at org.testng.internal.TestInvoker.invokeTestMethods(TestInvoker.java:146)
at org.testng.internal.TestMethodWorker.invokeTestMethods(TestMethodWorker.java:146)
at org.testng.internal.TestMethodWorker.run(TestMethodWorker.java:128)
at java.base/java.util.ArrayList.forEach(ArrayList.java:1511)
at org.testng.TestRunner.privateRun(TestRunner.java:794)
at org.testng.TestRunner.run(TestRunner.java:596)
at org.testng.SuiteRunner.runTest(SuiteRunner.java:377)
at org.testng.SuiteRunner.runSequentially(SuiteRunner.java:371)
at org.testng.SuiteRunner.privateRun(SuiteRunner.java:332)
at org.testng.SuiteRunner.run(SuiteRunner.java:276)
at org.testng.SuiteRunnerWorker.runSuite(SuiteRunnerWorker.java:53)
at org.testng.SuiteRunnerWorker.run(SuiteRunnerWorker.java:96)
at org.testng.TestNG.runSuitesSequentially(TestNG.java:1212)
at org.testng.TestNG.runSuitesLocally(TestNG.java:1134)
at org.testng.TestNG.runSuites(TestNG.java:1063)
at org.testng.TestNG.run(TestNG.java:1031)
at org.testng.remote.AbstractRemoteTestNG.run(AbstractRemoteTestNG.java:115)
at org.testng.remote.RemoteTestNG.initAndRun(RemoteTestNG.java:251)
at org.testng.remote.RemoteTestNG.main(RemoteTestNG.java:77)
]]>
            </full-stacktrace>
          </exception> <!-- java.lang.AssertionError -->
          <reporter-output>
          </reporter-output>
        </test-method> <!-- TC_CAPNHATCTSP_11 -->
        <test-method signature="TC_CAPNHATCTSP_7()[pri:0, instance:Nhiem.SanPham.capNhapCTSPTest@6e1d8f9e]" started-at="2024-04-06T22:54:19 ICT" name="TC_CAPNHATCTSP_7" description="Cập nhật với mã sản phẩm rỗng" finished-at="2024-04-06T22:54:19 ICT" duration-ms="72" status="PASS">
          <reporter-output>
          </reporter-output>
        </test-method> <!-- TC_CAPNHATCTSP_7 -->
        <test-method signature="TC_CAPNHATCTSP_8()[pri:0, instance:Nhiem.SanPham.capNhapCTSPTest@6e1d8f9e]" started-at="2024-04-06T22:54:19 ICT" name="TC_CAPNHATCTSP_8" description="Cập nhật với số lượng âm" finished-at="2024-04-06T22:54:19 ICT" duration-ms="97" status="PASS">
          <reporter-output>
          </reporter-output>
        </test-method> <!-- TC_CAPNHATCTSP_8 -->
        <test-method signature="TC_CAPNHATCTSP_9()[pri:0, instance:Nhiem.SanPham.capNhapCTSPTest@6e1d8f9e]" started-at="2024-04-06T22:54:19 ICT" name="TC_CAPNHATCTSP_9" description="Cập nhật với mã màu rỗng" finished-at="2024-04-06T22:54:19 ICT" duration-ms="83" status="PASS">
          <reporter-output>
          </reporter-output>
        </test-method> <!-- TC_CAPNHATCTSP_9 -->
      </class> <!-- Nhiem.SanPham.capNhapCTSPTest -->
      <class name="Nhiem.SanPham.taoMaCTSPTest">
        <test-method signature="TC_TAOMACTSP_01()[pri:0, instance:Nhiem.SanPham.taoMaCTSPTest@2a65bb85]" started-at="2024-04-06T22:54:20 ICT" name="TC_TAOMACTSP_01" description="Kiểm tra khi danh sách là null" finished-at="2024-04-06T22:54:20 ICT" duration-ms="1" status="PASS">
          <reporter-output>
          </reporter-output>
        </test-method> <!-- TC_TAOMACTSP_01 -->
        <test-method signature="TC_TAOMACTSP_02()[pri:0, instance:Nhiem.SanPham.taoMaCTSPTest@2a65bb85]" started-at="2024-04-06T22:54:20 ICT" name="TC_TAOMACTSP_02" description="Kiểm tra khi danh sách là rỗng" finished-at="2024-04-06T22:54:20 ICT" duration-ms="1" status="PASS">
          <reporter-output>
          </reporter-output>
        </test-method> <!-- TC_TAOMACTSP_02 -->
        <test-method signature="TC_TAOMACTSP_03()[pri:0, instance:Nhiem.SanPham.taoMaCTSPTest@2a65bb85]" started-at="2024-04-06T22:54:20 ICT" name="TC_TAOMACTSP_03" description="Kiểm tra khi danh sách không rỗng" finished-at="2024-04-06T22:54:20 ICT" duration-ms="19" status="PASS">
          <reporter-output>
          </reporter-output>
        </test-method> <!-- TC_TAOMACTSP_03 -->
        <test-method signature="TC_TAOMACTSP_04()[pri:0, instance:Nhiem.SanPham.taoMaCTSPTest@2a65bb85]" started-at="2024-04-06T22:54:20 ICT" name="TC_TAOMACTSP_04" description="Kiểm tra khi tham số MaSP là null" finished-at="2024-04-06T22:54:20 ICT" duration-ms="0" status="PASS">
          <reporter-output>
          </reporter-output>
        </test-method> <!-- TC_TAOMACTSP_04 -->
        <test-method signature="TC_TAOMACTSP_05()[pri:0, instance:Nhiem.SanPham.taoMaCTSPTest@2a65bb85]" started-at="2024-04-06T22:54:20 ICT" name="TC_TAOMACTSP_05" description="Kiểm tra khi danh sách có một phần tử" finished-at="2024-04-06T22:54:20 ICT" duration-ms="15" status="PASS">
          <reporter-output>
          </reporter-output>
        </test-method> <!-- TC_TAOMACTSP_05 -->
        <test-method signature="TC_TAOMACTSP_06()[pri:0, instance:Nhiem.SanPham.taoMaCTSPTest@2a65bb85]" started-at="2024-04-06T22:54:20 ICT" name="TC_TAOMACTSP_06" description="Kiểm tra khi danh sách có nhiều hơn một phần tử" finished-at="2024-04-06T22:54:20 ICT" duration-ms="14" status="PASS">
          <reporter-output>
          </reporter-output>
        </test-method> <!-- TC_TAOMACTSP_06 -->
        <test-method signature="TC_TAOMACTSP_07()[pri:0, instance:Nhiem.SanPham.taoMaCTSPTest@2a65bb85]" started-at="2024-04-06T22:54:20 ICT" name="TC_TAOMACTSP_07" description="Kiểm tra khi danh sách có một phần tử" finished-at="2024-04-06T22:54:20 ICT" duration-ms="15" status="PASS">
          <reporter-output>
          </reporter-output>
        </test-method> <!-- TC_TAOMACTSP_07 -->
        <test-method signature="TC_TAOMACTSP_08()[pri:0, instance:Nhiem.SanPham.taoMaCTSPTest@2a65bb85]" started-at="2024-04-06T22:54:20 ICT" name="TC_TAOMACTSP_08" description="Kiểm tra khi danh sách rỗng" finished-at="2024-04-06T22:54:20 ICT" duration-ms="16" status="PASS">
          <reporter-output>
          </reporter-output>
        </test-method> <!-- TC_TAOMACTSP_08 -->
        <test-method signature="TC_TAOMACTSP_09()[pri:0, instance:Nhiem.SanPham.taoMaCTSPTest@2a65bb85]" started-at="2024-04-06T22:54:20 ICT" name="TC_TAOMACTSP_09" description="Kiểm tra khi danh sách rỗng" finished-at="2024-04-06T22:54:20 ICT" duration-ms="14" status="PASS">
          <reporter-output>
          </reporter-output>
        </test-method> <!-- TC_TAOMACTSP_09 -->
      </class> <!-- Nhiem.SanPham.taoMaCTSPTest -->
      <class name="Nhiem.SanPham.themTest">
        <test-method signature="TC_THEMSP_01()[pri:0, instance:Nhiem.SanPham.themTest@70925b45]" started-at="2024-04-06T22:54:21 ICT" name="TC_THEMSP_01" description="Thêm sản phẩm mới thành công" finished-at="2024-04-06T22:54:21 ICT" duration-ms="100" status="FAIL">
          <exception class="java.lang.AssertionError">
            <message>
              <![CDATA[expected [PASS] but found [java.lang.RuntimeException: com.microsoft.sqlserver.jdbc.SQLServerException: Violation of UNIQUE KEY constraint 'UQ__SanPham__8BBF4A1CBD3A9718'. Cannot insert duplicate key in object 'dbo.SanPham'. The duplicate key value is (100001).]]]>
            </message>
            <full-stacktrace>
              <![CDATA[java.lang.AssertionError: expected [PASS] but found [java.lang.RuntimeException: com.microsoft.sqlserver.jdbc.SQLServerException: Violation of UNIQUE KEY constraint 'UQ__SanPham__8BBF4A1CBD3A9718'. Cannot insert duplicate key in object 'dbo.SanPham'. The duplicate key value is (100001).]
at org.testng.Assert.fail(Assert.java:99)
at org.testng.Assert.failNotEquals(Assert.java:1037)
at org.testng.Assert.assertEqualsImpl(Assert.java:140)
at org.testng.Assert.assertEquals(Assert.java:122)
at org.testng.Assert.assertEquals(Assert.java:629)
at org.testng.Assert.assertEquals(Assert.java:639)
at Nhiem.SanPham.themTest.TC_THEMSP_01(themTest.java:26)
at java.base/jdk.internal.reflect.DirectMethodHandleAccessor.invoke(DirectMethodHandleAccessor.java:104)
at java.base/java.lang.reflect.Method.invoke(Method.java:578)
at org.testng.internal.MethodInvocationHelper.invokeMethod(MethodInvocationHelper.java:133)
at org.testng.internal.TestInvoker.invokeMethod(TestInvoker.java:598)
at org.testng.internal.TestInvoker.invokeTestMethod(TestInvoker.java:173)
at org.testng.internal.MethodRunner.runInSequence(MethodRunner.java:46)
at org.testng.internal.TestInvoker$MethodInvocationAgent.invoke(TestInvoker.java:824)
at org.testng.internal.TestInvoker.invokeTestMethods(TestInvoker.java:146)
at org.testng.internal.TestMethodWorker.invokeTestMethods(TestMethodWorker.java:146)
at org.testng.internal.TestMethodWorker.run(TestMethodWorker.java:128)
at java.base/java.util.ArrayList.forEach(ArrayList.java:1511)
at org.testng.TestRunner.privateRun(TestRunner.java:794)
at org.testng.TestRunner.run(TestRunner.java:596)
at org.testng.SuiteRunner.runTest(SuiteRunner.java:377)
at org.testng.SuiteRunner.runSequentially(SuiteRunner.java:371)
at org.testng.SuiteRunner.privateRun(SuiteRunner.java:332)
at org.testng.SuiteRunner.run(SuiteRunner.java:276)
at org.testng.SuiteRunnerWorker.runSuite(SuiteRunnerWorker.java:53)
at org.testng.SuiteRunnerWorker.run(SuiteRunnerWorker.java:96)
at org.testng.TestNG.runSuitesSequentially(TestNG.java:1212)
at org.testng.TestNG.runSuitesLocally(TestNG.java:1134)
at org.testng.TestNG.runSuites(TestNG.java:1063)
at org.testng.TestNG.run(TestNG.java:1031)
at org.testng.remote.AbstractRemoteTestNG.run(AbstractRemoteTestNG.java:115)
at org.testng.remote.RemoteTestNG.initAndRun(RemoteTestNG.java:251)
at org.testng.remote.RemoteTestNG.main(RemoteTestNG.java:77)
]]>
            </full-stacktrace>
          </exception> <!-- java.lang.AssertionError -->
          <reporter-output>
          </reporter-output>
        </test-method> <!-- TC_THEMSP_01 -->
        <test-method signature="TC_THEMSP_02()[pri:0, instance:Nhiem.SanPham.themTest@70925b45]" started-at="2024-04-06T22:54:21 ICT" name="TC_THEMSP_02" description="Thêm sản phẩm với mã sản phẩm trùng" finished-at="2024-04-06T22:54:21 ICT" duration-ms="60" status="PASS">
          <reporter-output>
          </reporter-output>
        </test-method> <!-- TC_THEMSP_02 -->
        <test-method signature="TC_THEMSP_03()[pri:0, instance:Nhiem.SanPham.themTest@70925b45]" started-at="2024-04-06T22:54:21 ICT" name="TC_THEMSP_03" description="Thêm sản phẩm với dữ liệu thiếu" finished-at="2024-04-06T22:54:21 ICT" duration-ms="65" status="PASS">
          <reporter-output>
          </reporter-output>
        </test-method> <!-- TC_THEMSP_03 -->
        <test-method signature="TC_THEMSP_04()[pri:0, instance:Nhiem.SanPham.themTest@70925b45]" started-at="2024-04-06T22:54:21 ICT" name="TC_THEMSP_04" description="Thêm sản phẩm với giá nhập và giá bán là 0" finished-at="2024-04-06T22:54:21 ICT" duration-ms="42" status="PASS">
          <reporter-output>
          </reporter-output>
        </test-method> <!-- TC_THEMSP_04 -->
        <test-method signature="TC_THEMSP_05()[pri:0, instance:Nhiem.SanPham.themTest@70925b45]" started-at="2024-04-06T22:54:21 ICT" name="TC_THEMSP_05" description="Thêm sản phẩm với giá bán nhỏ hơn giá nhập" finished-at="2024-04-06T22:54:21 ICT" duration-ms="48" status="PASS">
          <reporter-output>
          </reporter-output>
        </test-method> <!-- TC_THEMSP_05 -->
        <test-method signature="TC_THEMSP_06()[pri:0, instance:Nhiem.SanPham.themTest@70925b45]" started-at="2024-04-06T22:54:21 ICT" name="TC_THEMSP_06" description="Thêm sản phẩm với tên sản phẩm chứa số" finished-at="2024-04-06T22:54:21 ICT" duration-ms="55" status="PASS">
          <reporter-output>
          </reporter-output>
        </test-method> <!-- TC_THEMSP_06 -->
        <test-method signature="TC_THEMSP_07()[pri:0, instance:Nhiem.SanPham.themTest@70925b45]" started-at="2024-04-06T22:54:21 ICT" name="TC_THEMSP_07" description="Thêm sản phẩm với mã vạch chứa ký tự đặc biệt" finished-at="2024-04-06T22:54:21 ICT" duration-ms="56" status="PASS">
          <reporter-output>
          </reporter-output>
        </test-method> <!-- TC_THEMSP_07 -->
        <test-method signature="TC_THEMSP_08()[pri:0, instance:Nhiem.SanPham.themTest@70925b45]" started-at="2024-04-06T22:54:21 ICT" name="TC_THEMSP_08" description="Thêm sản phẩm với mã khuyến mãi không tồn tại" finished-at="2024-04-06T22:54:21 ICT" duration-ms="120" status="PASS">
          <reporter-output>
          </reporter-output>
        </test-method> <!-- TC_THEMSP_08 -->
        <test-method signature="TC_THEMSP_09()[pri:0, instance:Nhiem.SanPham.themTest@70925b45]" started-at="2024-04-06T22:54:21 ICT" name="TC_THEMSP_09" description="Thêm sản phẩm với mã loại giày không tồn tại" finished-at="2024-04-06T22:54:21 ICT" duration-ms="76" status="PASS">
          <reporter-output>
          </reporter-output>
        </test-method> <!-- TC_THEMSP_09 -->
      </class> <!-- Nhiem.SanPham.themTest -->
      <class name="Nhiem.SanPham.themCTSPTest">
        <test-method signature="TC_THEMCTSP_01()[pri:0, instance:Nhiem.SanPham.themCTSPTest@552518c3]" started-at="2024-04-06T22:54:20 ICT" name="TC_THEMCTSP_01" description="Chèn ChiTietSanPham hợp lệ" finished-at="2024-04-06T22:54:20 ICT" duration-ms="105" status="PASS">
          <reporter-output>
          </reporter-output>
        </test-method> <!-- TC_THEMCTSP_01 -->
        <test-method signature="TC_THEMCTSP_02()[pri:0, instance:Nhiem.SanPham.themCTSPTest@552518c3]" started-at="2024-04-06T22:54:20 ICT" name="TC_THEMCTSP_02" description="Thiếu MaSP" finished-at="2024-04-06T22:54:20 ICT" duration-ms="80" status="PASS">
          <reporter-output>
          </reporter-output>
        </test-method> <!-- TC_THEMCTSP_02 -->
        <test-method signature="TC_THEMCTSP_03()[pri:0, instance:Nhiem.SanPham.themCTSPTest@552518c3]" started-at="2024-04-06T22:54:20 ICT" name="TC_THEMCTSP_03" description="Sản phẩm không tồn tại" finished-at="2024-04-06T22:54:20 ICT" duration-ms="43" status="PASS">
          <reporter-output>
          </reporter-output>
        </test-method> <!-- TC_THEMCTSP_03 -->
        <test-method signature="TC_THEMCTSP_04()[pri:0, instance:Nhiem.SanPham.themCTSPTest@552518c3]" started-at="2024-04-06T22:54:20 ICT" name="TC_THEMCTSP_04" description="Thiếu Mã Màu Sắc" finished-at="2024-04-06T22:54:20 ICT" duration-ms="76" status="PASS">
          <reporter-output>
          </reporter-output>
        </test-method> <!-- TC_THEMCTSP_04 -->
        <test-method signature="TC_THEMCTSP_05()[pri:0, instance:Nhiem.SanPham.themCTSPTest@552518c3]" started-at="2024-04-06T22:54:20 ICT" name="TC_THEMCTSP_05" description="Màu sắc không tồn tại" finished-at="2024-04-06T22:54:20 ICT" duration-ms="73" status="PASS">
          <reporter-output>
          </reporter-output>
        </test-method> <!-- TC_THEMCTSP_05 -->
        <test-method signature="TC_THEMCTSP_06()[pri:0, instance:Nhiem.SanPham.themCTSPTest@552518c3]" started-at="2024-04-06T22:54:20 ICT" name="TC_THEMCTSP_06" description="Thiếu Mã Kích Thước" finished-at="2024-04-06T22:54:20 ICT" duration-ms="80" status="PASS">
          <reporter-output>
          </reporter-output>
        </test-method> <!-- TC_THEMCTSP_06 -->
        <test-method signature="TC_THEMCTSP_07()[pri:0, instance:Nhiem.SanPham.themCTSPTest@552518c3]" started-at="2024-04-06T22:54:20 ICT" name="TC_THEMCTSP_07" description="Kích thước không tồn tại" finished-at="2024-04-06T22:54:20 ICT" duration-ms="106" status="PASS">
          <reporter-output>
          </reporter-output>
        </test-method> <!-- TC_THEMCTSP_07 -->
        <test-method signature="TC_THEMCTSP_08()[pri:0, instance:Nhiem.SanPham.themCTSPTest@552518c3]" started-at="2024-04-06T22:54:20 ICT" name="TC_THEMCTSP_08" description="Số lượng không hợp lệ" finished-at="2024-04-06T22:54:21 ICT" duration-ms="104" status="PASS">
          <reporter-output>
          </reporter-output>
        </test-method> <!-- TC_THEMCTSP_08 -->
      </class> <!-- Nhiem.SanPham.themCTSPTest -->
      <class name="Nhiem.SanPham.taoMaSPTest">
        <test-method signature="TC_TAOMASP_01()[pri:0, instance:Nhiem.SanPham.taoMaSPTest@72f46e16]" started-at="2024-04-06T22:54:20 ICT" name="TC_TAOMASP_01" description="Kiểm tra khi danh sách là null" finished-at="2024-04-06T22:54:20 ICT" duration-ms="1" status="PASS">
          <reporter-output>
          </reporter-output>
        </test-method> <!-- TC_TAOMASP_01 -->
        <test-method signature="TC_TAOMASP_02()[pri:0, instance:Nhiem.SanPham.taoMaSPTest@72f46e16]" started-at="2024-04-06T22:54:20 ICT" name="TC_TAOMASP_02" description="Kiểm tra khi danh sách là rỗng" finished-at="2024-04-06T22:54:20 ICT" duration-ms="1" status="PASS">
          <reporter-output>
          </reporter-output>
        </test-method> <!-- TC_TAOMASP_02 -->
        <test-method signature="TC_TAOMASP_03()[pri:0, instance:Nhiem.SanPham.taoMaSPTest@72f46e16]" started-at="2024-04-06T22:54:20 ICT" name="TC_TAOMASP_03" description="Kiểm tra khi danh sách không rỗng" finished-at="2024-04-06T22:54:20 ICT" duration-ms="1" status="PASS">
          <reporter-output>
          </reporter-output>
        </test-method> <!-- TC_TAOMASP_03 -->
        <test-method signature="TC_TAOMASP_04()[pri:0, instance:Nhiem.SanPham.taoMaSPTest@72f46e16]" started-at="2024-04-06T22:54:20 ICT" name="TC_TAOMASP_04" description="Kiểm tra khi MaSP ngắn hơn 3 ký tự" finished-at="2024-04-06T22:54:20 ICT" duration-ms="1" status="PASS">
          <reporter-output>
          </reporter-output>
        </test-method> <!-- TC_TAOMASP_04 -->
        <test-method signature="TC_TAOMASP_05()[pri:0, instance:Nhiem.SanPham.taoMaSPTest@72f46e16]" started-at="2024-04-06T22:54:20 ICT" name="TC_TAOMASP_05" description="Kiểm tra khi MaSP dài hơn 5 ký tự" finished-at="2024-04-06T22:54:20 ICT" duration-ms="1" status="PASS">
          <reporter-output>
          </reporter-output>
        </test-method> <!-- TC_TAOMASP_05 -->
        <test-method signature="TC_TAOMASP_06()[pri:0, instance:Nhiem.SanPham.taoMaSPTest@72f46e16]" started-at="2024-04-06T22:54:20 ICT" name="TC_TAOMASP_06" description="Kiểm tra khi sử dụng số lớn nhất cho ID" finished-at="2024-04-06T22:54:20 ICT" duration-ms="1" status="PASS">
          <reporter-output>
          </reporter-output>
        </test-method> <!-- TC_TAOMASP_06 -->
        <test-method signature="TC_TAOMASP_07()[pri:0, instance:Nhiem.SanPham.taoMaSPTest@72f46e16]" started-at="2024-04-06T22:54:20 ICT" name="TC_TAOMASP_07" description="Kiểm tra khi sử dụng số vượt quá giới hạn" finished-at="2024-04-06T22:54:20 ICT" duration-ms="2" status="PASS">
          <reporter-output>
          </reporter-output>
        </test-method> <!-- TC_TAOMASP_07 -->
        <test-method signature="TC_TAOMASP_08()[pri:0, instance:Nhiem.SanPham.taoMaSPTest@72f46e16]" started-at="2024-04-06T22:54:20 ICT" name="TC_TAOMASP_08" description="Kiểm tra khi sử dụng ký tự đặc biệt trong MaSP" finished-at="2024-04-06T22:54:20 ICT" duration-ms="2" status="PASS">
          <reporter-output>
          </reporter-output>
        </test-method> <!-- TC_TAOMASP_08 -->
        <test-method signature="TC_TAOMASP_09()[pri:0, instance:Nhiem.SanPham.taoMaSPTest@72f46e16]" started-at="2024-04-06T22:54:20 ICT" name="TC_TAOMASP_09" description="Kiểm tra khi sử dụng số 0 dẫn đầu cho ID" finished-at="2024-04-06T22:54:20 ICT" duration-ms="2" status="PASS">
          <reporter-output>
          </reporter-output>
        </test-method> <!-- TC_TAOMASP_09 -->
        <test-method signature="TC_TAOMASP_10()[pri:0, instance:Nhiem.SanPham.taoMaSPTest@72f46e16]" started-at="2024-04-06T22:54:20 ICT" name="TC_TAOMASP_10" description="Kiểm tra khi sử dụng số âm làm ID" finished-at="2024-04-06T22:54:20 ICT" duration-ms="1" status="PASS">
          <reporter-output>
          </reporter-output>
        </test-method> <!-- TC_TAOMASP_10 -->
        <test-method signature="TC_TAOMASP_11()[pri:0, instance:Nhiem.SanPham.taoMaSPTest@72f46e16]" started-at="2024-04-06T22:54:20 ICT" name="TC_TAOMASP_11" description="Kiểm tra khi sử dụng danh sách lớn" finished-at="2024-04-06T22:54:20 ICT" duration-ms="2" status="PASS">
          <reporter-output>
          </reporter-output>
        </test-method> <!-- TC_TAOMASP_11 -->
      </class> <!-- Nhiem.SanPham.taoMaSPTest -->
    </test> <!-- SanPhamTest -->
    <test started-at="2024-04-06T22:54:21 ICT" name="ThongKeTest" finished-at="2024-04-06T22:54:27 ICT" duration-ms="5395">
      <class name="Nhiem.ThongKe.xuatDanhSachTest">
        <test-method signature="testXuLyKhiFileLaNull()[pri:0, instance:Nhiem.ThongKe.xuatDanhSachTest@77b21474]" started-at="2024-04-06T22:54:21 ICT" name="testXuLyKhiFileLaNull" description="Kiểm tra xử lý khi đầu vào file là null" finished-at="2024-04-06T22:54:22 ICT" duration-ms="1023" status="PASS">
          <reporter-output>
          </reporter-output>
        </test-method> <!-- testXuLyKhiFileLaNull -->
        <test-method signature="testXuatDanhSachWithData()[pri:0, instance:Nhiem.ThongKe.xuatDanhSachTest@77b21474]" started-at="2024-04-06T22:54:22 ICT" name="testXuatDanhSachWithData" description="Kiểm tra việc xuất dữ liệu từ bảng có dữ liệu" finished-at="2024-04-06T22:54:25 ICT" duration-ms="3044" status="PASS">
          <reporter-output>
          </reporter-output>
        </test-method> <!-- testXuatDanhSachWithData -->
        <test-method signature="testXuatDanhSachWithEmptyData()[pri:0, instance:Nhiem.ThongKe.xuatDanhSachTest@77b21474]" started-at="2024-04-06T22:54:25 ICT" name="testXuatDanhSachWithEmptyData" description="Kiểm tra việc xuất dữ liệu từ bảng rỗng" finished-at="2024-04-06T22:54:27 ICT" duration-ms="1313" status="PASS">
          <reporter-output>
          </reporter-output>
        </test-method> <!-- testXuatDanhSachWithEmptyData -->
      </class> <!-- Nhiem.ThongKe.xuatDanhSachTest -->
    </test> <!-- ThongKeTest -->
    <test started-at="2024-04-06T22:54:27 ICT" name="ThuocTinhTest" finished-at="2024-04-06T22:54:28 ICT" duration-ms="1842">
      <class name="Nhiem.ThuocTinh.xoaKichThuocTest">
        <test-method signature="TC_XKT_01()[pri:0, instance:Nhiem.ThuocTinh.xoaKichThuocTest@5a772895]" started-at="2024-04-06T22:54:28 ICT" name="TC_XKT_01" description="Xóa kích thước thành công với quyền của người quản lý" finished-at="2024-04-06T22:54:28 ICT" duration-ms="52" status="PASS">
          <reporter-output>
          </reporter-output>
        </test-method> <!-- TC_XKT_01 -->
        <test-method signature="TC_XKT_02()[pri:0, instance:Nhiem.ThuocTinh.xoaKichThuocTest@5a772895]" started-at="2024-04-06T22:54:28 ICT" name="TC_XKT_02" description="Xóa kích thước thất bại do người dùng không có quyền" finished-at="2024-04-06T22:54:28 ICT" duration-ms="2" status="PASS">
          <reporter-output>
          </reporter-output>
        </test-method> <!-- TC_XKT_02 -->
        <test-method signature="TC_XKT_03()[pri:0, instance:Nhiem.ThuocTinh.xoaKichThuocTest@5a772895]" started-at="2024-04-06T22:54:28 ICT" name="TC_XKT_03" description="Xóa kích thước thất bại do mã kích thước rỗng" finished-at="2024-04-06T22:54:28 ICT" duration-ms="1" status="PASS">
          <reporter-output>
          </reporter-output>
        </test-method> <!-- TC_XKT_03 -->
        <test-method signature="TC_XKT_04()[pri:0, instance:Nhiem.ThuocTinh.xoaKichThuocTest@5a772895]" started-at="2024-04-06T22:54:28 ICT" name="TC_XKT_04" description="Xóa kích thước thất bại do mã kích thước không tồn tại" finished-at="2024-04-06T22:54:28 ICT" duration-ms="31" status="PASS">
          <reporter-output>
          </reporter-output>
        </test-method> <!-- TC_XKT_04 -->
      </class> <!-- Nhiem.ThuocTinh.xoaKichThuocTest -->
      <class name="Nhiem.ThuocTinh.xoaMauSacTest">
        <test-method signature="TC_XMS_01()[pri:0, instance:Nhiem.ThuocTinh.xoaMauSacTest@75201592]" started-at="2024-04-06T22:54:28 ICT" name="TC_XMS_01" description="Xóa màu sắc thành công với quyền của người quản lý" finished-at="2024-04-06T22:54:28 ICT" duration-ms="72" status="PASS">
          <reporter-output>
          </reporter-output>
        </test-method> <!-- TC_XMS_01 -->
        <test-method signature="TC_XMS_02()[pri:0, instance:Nhiem.ThuocTinh.xoaMauSacTest@75201592]" started-at="2024-04-06T22:54:28 ICT" name="TC_XMS_02" description="Xóa màu sắc thất bại do người dùng không có quyền" finished-at="2024-04-06T22:54:28 ICT" duration-ms="1" status="PASS">
          <reporter-output>
          </reporter-output>
        </test-method> <!-- TC_XMS_02 -->
        <test-method signature="TC_XMS_03()[pri:0, instance:Nhiem.ThuocTinh.xoaMauSacTest@75201592]" started-at="2024-04-06T22:54:28 ICT" name="TC_XMS_03" description="Xóa màu sắc thất bại do mã màu sắc rỗng" finished-at="2024-04-06T22:54:28 ICT" duration-ms="0" status="PASS">
          <reporter-output>
          </reporter-output>
        </test-method> <!-- TC_XMS_03 -->
        <test-method signature="TC_XMS_04()[pri:0, instance:Nhiem.ThuocTinh.xoaMauSacTest@75201592]" started-at="2024-04-06T22:54:28 ICT" name="TC_XMS_04" description="Xóa màu sắc thất bại do mã màu sắc không tồn tại" finished-at="2024-04-06T22:54:28 ICT" duration-ms="38" status="PASS">
          <reporter-output>
          </reporter-output>
        </test-method> <!-- TC_XMS_04 -->
      </class> <!-- Nhiem.ThuocTinh.xoaMauSacTest -->
      <class name="Nhiem.ThuocTinh.capNhapKichThuocTest">
        <test-method signature="TC_CNKT_01()[pri:0, instance:Nhiem.ThuocTinh.capNhapKichThuocTest@610db97e]" started-at="2024-04-06T22:54:27 ICT" name="TC_CNKT_01" description="Cập nhật kích thước thành công" finished-at="2024-04-06T22:54:27 ICT" duration-ms="248" status="PASS">
          <reporter-output>
          </reporter-output>
        </test-method> <!-- TC_CNKT_01 -->
        <test-method signature="TC_CNKT_02()[pri:0, instance:Nhiem.ThuocTinh.capNhapKichThuocTest@610db97e]" started-at="2024-04-06T22:54:27 ICT" name="TC_CNKT_02" description="Cập nhật kích thước thất bại do kích thước không tồn tại" finished-at="2024-04-06T22:54:27 ICT" duration-ms="29" status="PASS">
          <reporter-output>
          </reporter-output>
        </test-method> <!-- TC_CNKT_02 -->
        <test-method signature="TC_CNKT_03()[pri:0, instance:Nhiem.ThuocTinh.capNhapKichThuocTest@610db97e]" started-at="2024-04-06T22:54:27 ICT" name="TC_CNKT_03" description="Cập nhật kích thước thành công với mô tả kích thước trống" finished-at="2024-04-06T22:54:27 ICT" duration-ms="64" status="PASS">
          <reporter-output>
          </reporter-output>
        </test-method> <!-- TC_CNKT_03 -->
        <test-method signature="TC_CNKT_04()[pri:0, instance:Nhiem.ThuocTinh.capNhapKichThuocTest@610db97e]" started-at="2024-04-06T22:54:27 ICT" name="TC_CNKT_04" description="Cập nhật kích thước thất bại do tên kích thước rỗng" finished-at="2024-04-06T22:54:27 ICT" duration-ms="71" status="PASS">
          <reporter-output>
          </reporter-output>
        </test-method> <!-- TC_CNKT_04 -->
        <test-method signature="TC_CNKT_05()[pri:0, instance:Nhiem.ThuocTinh.capNhapKichThuocTest@610db97e]" started-at="2024-04-06T22:54:27 ICT" name="TC_CNKT_05" description="Cập nhật kích thước thành công với tên kích thước mới" finished-at="2024-04-06T22:54:27 ICT" duration-ms="46" status="PASS">
          <reporter-output>
          </reporter-output>
        </test-method> <!-- TC_CNKT_05 -->
        <test-method signature="TC_CNKT_06()[pri:0, instance:Nhiem.ThuocTinh.capNhapKichThuocTest@610db97e]" started-at="2024-04-06T22:54:27 ICT" name="TC_CNKT_06" description="Cập nhật kích thước thất bại do mô tả kích thước null" finished-at="2024-04-06T22:54:27 ICT" duration-ms="52" status="PASS">
          <reporter-output>
          </reporter-output>
        </test-method> <!-- TC_CNKT_06 -->
      </class> <!-- Nhiem.ThuocTinh.capNhapKichThuocTest -->
      <class name="Nhiem.ThuocTinh.taoMaKTTest">
        <test-method signature="TC_TAO_MAKT_01()[pri:0, instance:Nhiem.ThuocTinh.taoMaKTTest@70f43b45]" started-at="2024-04-06T22:54:27 ICT" name="TC_TAO_MAKT_01" description="Kiểm tra khi danh sách là null" finished-at="2024-04-06T22:54:27 ICT" duration-ms="1" status="PASS">
          <reporter-output>
          </reporter-output>
        </test-method> <!-- TC_TAO_MAKT_01 -->
        <test-method signature="TC_TAO_MAKT_02()[pri:0, instance:Nhiem.ThuocTinh.taoMaKTTest@70f43b45]" started-at="2024-04-06T22:54:27 ICT" name="TC_TAO_MAKT_02" description="Kiểm tra khi danh sách là rỗng" finished-at="2024-04-06T22:54:27 ICT" duration-ms="1" status="PASS">
          <reporter-output>
          </reporter-output>
        </test-method> <!-- TC_TAO_MAKT_02 -->
        <test-method signature="TC_TAO_MAKT_03()[pri:0, instance:Nhiem.ThuocTinh.taoMaKTTest@70f43b45]" started-at="2024-04-06T22:54:27 ICT" name="TC_TAO_MAKT_03" description="Kiểm tra khi danh sách không rỗng" finished-at="2024-04-06T22:54:27 ICT" duration-ms="0" status="PASS">
          <reporter-output>
          </reporter-output>
        </test-method> <!-- TC_TAO_MAKT_03 -->
        <test-method signature="TC_TAO_MAKT_04()[pri:0, instance:Nhiem.ThuocTinh.taoMaKTTest@70f43b45]" started-at="2024-04-06T22:54:27 ICT" name="TC_TAO_MAKT_04" description="Kiểm tra khi MaKT ngắn hơn 3 ký tự" finished-at="2024-04-06T22:54:27 ICT" duration-ms="0" status="FAIL">
          <exception class="java.lang.NumberFormatException">
            <message>
              <![CDATA[For input string: ""]]>
            </message>
            <full-stacktrace>
              <![CDATA[java.lang.NumberFormatException: For input string: ""
at java.base/java.lang.NumberFormatException.forInputString(NumberFormatException.java:67)
at java.base/java.lang.Integer.parseInt(Integer.java:675)
at java.base/java.lang.Integer.parseInt(Integer.java:781)
at view.ThuocTinh.taoMaKT_Test(ThuocTinh.java:176)
at Nhiem.ThuocTinh.taoMaKTTest.TC_TAO_MAKT_04(taoMaKTTest.java:47)
at java.base/jdk.internal.reflect.DirectMethodHandleAccessor.invoke(DirectMethodHandleAccessor.java:104)
at java.base/java.lang.reflect.Method.invoke(Method.java:578)
at org.testng.internal.MethodInvocationHelper.invokeMethod(MethodInvocationHelper.java:133)
at org.testng.internal.TestInvoker.invokeMethod(TestInvoker.java:598)
at org.testng.internal.TestInvoker.invokeTestMethod(TestInvoker.java:173)
at org.testng.internal.MethodRunner.runInSequence(MethodRunner.java:46)
at org.testng.internal.TestInvoker$MethodInvocationAgent.invoke(TestInvoker.java:824)
at org.testng.internal.TestInvoker.invokeTestMethods(TestInvoker.java:146)
at org.testng.internal.TestMethodWorker.invokeTestMethods(TestMethodWorker.java:146)
at org.testng.internal.TestMethodWorker.run(TestMethodWorker.java:128)
at java.base/java.util.ArrayList.forEach(ArrayList.java:1511)
at org.testng.TestRunner.privateRun(TestRunner.java:794)
at org.testng.TestRunner.run(TestRunner.java:596)
at org.testng.SuiteRunner.runTest(SuiteRunner.java:377)
at org.testng.SuiteRunner.runSequentially(SuiteRunner.java:371)
at org.testng.SuiteRunner.privateRun(SuiteRunner.java:332)
at org.testng.SuiteRunner.run(SuiteRunner.java:276)
at org.testng.SuiteRunnerWorker.runSuite(SuiteRunnerWorker.java:53)
at org.testng.SuiteRunnerWorker.run(SuiteRunnerWorker.java:96)
at org.testng.TestNG.runSuitesSequentially(TestNG.java:1212)
at org.testng.TestNG.runSuitesLocally(TestNG.java:1134)
at org.testng.TestNG.runSuites(TestNG.java:1063)
at org.testng.TestNG.run(TestNG.java:1031)
at org.testng.remote.AbstractRemoteTestNG.run(AbstractRemoteTestNG.java:115)
at org.testng.remote.RemoteTestNG.initAndRun(RemoteTestNG.java:251)
at org.testng.remote.RemoteTestNG.main(RemoteTestNG.java:77)
]]>
            </full-stacktrace>
          </exception> <!-- java.lang.NumberFormatException -->
          <reporter-output>
          </reporter-output>
        </test-method> <!-- TC_TAO_MAKT_04 -->
        <test-method signature="TC_TAO_MAKT_05()[pri:0, instance:Nhiem.ThuocTinh.taoMaKTTest@70f43b45]" started-at="2024-04-06T22:54:27 ICT" name="TC_TAO_MAKT_05" description="Kiểm tra khi MaKT dài hơn 5 ký tự" finished-at="2024-04-06T22:54:27 ICT" duration-ms="1" status="PASS">
          <reporter-output>
          </reporter-output>
        </test-method> <!-- TC_TAO_MAKT_05 -->
        <test-method signature="TC_TAO_MAKT_06()[pri:0, instance:Nhiem.ThuocTinh.taoMaKTTest@70f43b45]" started-at="2024-04-06T22:54:27 ICT" name="TC_TAO_MAKT_06" description="Kiểm tra khi sử dụng số lớn nhất cho ID" finished-at="2024-04-06T22:54:27 ICT" duration-ms="1" status="PASS">
          <reporter-output>
          </reporter-output>
        </test-method> <!-- TC_TAO_MAKT_06 -->
        <test-method signature="TC_TAO_MAKT_07()[pri:0, instance:Nhiem.ThuocTinh.taoMaKTTest@70f43b45]" started-at="2024-04-06T22:54:27 ICT" name="TC_TAO_MAKT_07" description="Kiểm tra khi sử dụng số vượt quá giới hạn" finished-at="2024-04-06T22:54:27 ICT" duration-ms="1" status="PASS">
          <reporter-output>
          </reporter-output>
        </test-method> <!-- TC_TAO_MAKT_07 -->
        <test-method signature="TC_TAO_MAKT_08()[pri:0, instance:Nhiem.ThuocTinh.taoMaKTTest@70f43b45]" started-at="2024-04-06T22:54:27 ICT" name="TC_TAO_MAKT_08" description="Kiểm tra khi sử dụng ký tự đặc biệt trong MaKT" finished-at="2024-04-06T22:54:27 ICT" duration-ms="1" status="PASS">
          <reporter-output>
          </reporter-output>
        </test-method> <!-- TC_TAO_MAKT_08 -->
        <test-method signature="TC_TAO_MAKT_09()[pri:0, instance:Nhiem.ThuocTinh.taoMaKTTest@70f43b45]" started-at="2024-04-06T22:54:27 ICT" name="TC_TAO_MAKT_09" description="Kiểm tra khi sử dụng số 0 dẫn đầu cho ID" finished-at="2024-04-06T22:54:27 ICT" duration-ms="1" status="PASS">
          <reporter-output>
          </reporter-output>
        </test-method> <!-- TC_TAO_MAKT_09 -->
        <test-method signature="TC_TAO_MAKT_10()[pri:0, instance:Nhiem.ThuocTinh.taoMaKTTest@70f43b45]" started-at="2024-04-06T22:54:27 ICT" name="TC_TAO_MAKT_10" description="Kiểm tra khi sử dụng số âm làm ID" finished-at="2024-04-06T22:54:27 ICT" duration-ms="1" status="PASS">
          <reporter-output>
          </reporter-output>
        </test-method> <!-- TC_TAO_MAKT_10 -->
        <test-method signature="TC_TAO_MAKT_11()[pri:0, instance:Nhiem.ThuocTinh.taoMaKTTest@70f43b45]" started-at="2024-04-06T22:54:27 ICT" name="TC_TAO_MAKT_11" description="Kiểm tra khi sử dụng danh sách lớn" finished-at="2024-04-06T22:54:27 ICT" duration-ms="9" status="PASS">
          <reporter-output>
          </reporter-output>
        </test-method> <!-- TC_TAO_MAKT_11 -->
      </class> <!-- Nhiem.ThuocTinh.taoMaKTTest -->
      <class name="Nhiem.ThuocTinh.taoMaMSTest">
        <test-method signature="TC_TAOMAMS_01()[pri:0, instance:Nhiem.ThuocTinh.taoMaMSTest@e041f0c]" started-at="2024-04-06T22:54:27 ICT" name="TC_TAOMAMS_01" description="Kiểm tra khi danh sách là null" finished-at="2024-04-06T22:54:27 ICT" duration-ms="2" status="PASS">
          <reporter-output>
          </reporter-output>
        </test-method> <!-- TC_TAOMAMS_01 -->
        <test-method signature="TC_TAOMAMS_02()[pri:0, instance:Nhiem.ThuocTinh.taoMaMSTest@e041f0c]" started-at="2024-04-06T22:54:27 ICT" name="TC_TAOMAMS_02" description="Kiểm tra khi danh sách là rỗng" finished-at="2024-04-06T22:54:27 ICT" duration-ms="0" status="PASS">
          <reporter-output>
          </reporter-output>
        </test-method> <!-- TC_TAOMAMS_02 -->
        <test-method signature="TC_TAOMAMS_03()[pri:0, instance:Nhiem.ThuocTinh.taoMaMSTest@e041f0c]" started-at="2024-04-06T22:54:27 ICT" name="TC_TAOMAMS_03" description="Kiểm tra khi danh sách không rỗng" finished-at="2024-04-06T22:54:27 ICT" duration-ms="3" status="PASS">
          <reporter-output>
          </reporter-output>
        </test-method> <!-- TC_TAOMAMS_03 -->
        <test-method signature="TC_TAOMAMS_04()[pri:0, instance:Nhiem.ThuocTinh.taoMaMSTest@e041f0c]" started-at="2024-04-06T22:54:27 ICT" name="TC_TAOMAMS_04" description="Kiểm tra khi MaMS ngắn hơn 3 ký tự" finished-at="2024-04-06T22:54:27 ICT" duration-ms="2" status="FAIL">
          <exception class="java.lang.NumberFormatException">
            <message>
              <![CDATA[For input string: ""]]>
            </message>
            <full-stacktrace>
              <![CDATA[java.lang.NumberFormatException: For input string: ""
at java.base/java.lang.NumberFormatException.forInputString(NumberFormatException.java:67)
at java.base/java.lang.Integer.parseInt(Integer.java:675)
at java.base/java.lang.Integer.parseInt(Integer.java:781)
at view.ThuocTinh.taoMaMS_Test(ThuocTinh.java:136)
at Nhiem.ThuocTinh.taoMaMSTest.TC_TAOMAMS_04(taoMaMSTest.java:48)
at java.base/jdk.internal.reflect.DirectMethodHandleAccessor.invoke(DirectMethodHandleAccessor.java:104)
at java.base/java.lang.reflect.Method.invoke(Method.java:578)
at org.testng.internal.MethodInvocationHelper.invokeMethod(MethodInvocationHelper.java:133)
at org.testng.internal.TestInvoker.invokeMethod(TestInvoker.java:598)
at org.testng.internal.TestInvoker.invokeTestMethod(TestInvoker.java:173)
at org.testng.internal.MethodRunner.runInSequence(MethodRunner.java:46)
at org.testng.internal.TestInvoker$MethodInvocationAgent.invoke(TestInvoker.java:824)
at org.testng.internal.TestInvoker.invokeTestMethods(TestInvoker.java:146)
at org.testng.internal.TestMethodWorker.invokeTestMethods(TestMethodWorker.java:146)
at org.testng.internal.TestMethodWorker.run(TestMethodWorker.java:128)
at java.base/java.util.ArrayList.forEach(ArrayList.java:1511)
at org.testng.TestRunner.privateRun(TestRunner.java:794)
at org.testng.TestRunner.run(TestRunner.java:596)
at org.testng.SuiteRunner.runTest(SuiteRunner.java:377)
at org.testng.SuiteRunner.runSequentially(SuiteRunner.java:371)
at org.testng.SuiteRunner.privateRun(SuiteRunner.java:332)
at org.testng.SuiteRunner.run(SuiteRunner.java:276)
at org.testng.SuiteRunnerWorker.runSuite(SuiteRunnerWorker.java:53)
at org.testng.SuiteRunnerWorker.run(SuiteRunnerWorker.java:96)
at org.testng.TestNG.runSuitesSequentially(TestNG.java:1212)
at org.testng.TestNG.runSuitesLocally(TestNG.java:1134)
at org.testng.TestNG.runSuites(TestNG.java:1063)
at org.testng.TestNG.run(TestNG.java:1031)
at org.testng.remote.AbstractRemoteTestNG.run(AbstractRemoteTestNG.java:115)
at org.testng.remote.RemoteTestNG.initAndRun(RemoteTestNG.java:251)
at org.testng.remote.RemoteTestNG.main(RemoteTestNG.java:77)
]]>
            </full-stacktrace>
          </exception> <!-- java.lang.NumberFormatException -->
          <reporter-output>
          </reporter-output>
        </test-method> <!-- TC_TAOMAMS_04 -->
        <test-method signature="TC_TAOMAMS_05()[pri:0, instance:Nhiem.ThuocTinh.taoMaMSTest@e041f0c]" started-at="2024-04-06T22:54:27 ICT" name="TC_TAOMAMS_05" description="Kiểm tra khi MaMS dài hơn 5 ký tự" finished-at="2024-04-06T22:54:27 ICT" duration-ms="2" status="PASS">
          <reporter-output>
          </reporter-output>
        </test-method> <!-- TC_TAOMAMS_05 -->
        <test-method signature="TC_TAOMAMS_06()[pri:0, instance:Nhiem.ThuocTinh.taoMaMSTest@e041f0c]" started-at="2024-04-06T22:54:27 ICT" name="TC_TAOMAMS_06" description="Kiểm tra khi sử dụng số lớn nhất cho ID" finished-at="2024-04-06T22:54:27 ICT" duration-ms="4" status="PASS">
          <reporter-output>
          </reporter-output>
        </test-method> <!-- TC_TAOMAMS_06 -->
        <test-method signature="TC_TAOMAMS_07()[pri:0, instance:Nhiem.ThuocTinh.taoMaMSTest@e041f0c]" started-at="2024-04-06T22:54:27 ICT" name="TC_TAOMAMS_07" description="Kiểm tra khi sử dụng số vượt quá giới hạn" finished-at="2024-04-06T22:54:27 ICT" duration-ms="4" status="PASS">
          <reporter-output>
          </reporter-output>
        </test-method> <!-- TC_TAOMAMS_07 -->
        <test-method signature="TC_TAOMAMS_08()[pri:0, instance:Nhiem.ThuocTinh.taoMaMSTest@e041f0c]" started-at="2024-04-06T22:54:27 ICT" name="TC_TAOMAMS_08" description="Kiểm tra khi sử dụng ký tự đặc biệt trong MaMS" finished-at="2024-04-06T22:54:27 ICT" duration-ms="1" status="PASS">
          <reporter-output>
          </reporter-output>
        </test-method> <!-- TC_TAOMAMS_08 -->
        <test-method signature="TC_TAOMAMS_09()[pri:0, instance:Nhiem.ThuocTinh.taoMaMSTest@e041f0c]" started-at="2024-04-06T22:54:27 ICT" name="TC_TAOMAMS_09" description="Kiểm tra khi sử dụng số 0 dẫn đầu cho ID" finished-at="2024-04-06T22:54:27 ICT" duration-ms="1" status="PASS">
          <reporter-output>
          </reporter-output>
        </test-method> <!-- TC_TAOMAMS_09 -->
        <test-method signature="TC_TAOMAMS_10()[pri:0, instance:Nhiem.ThuocTinh.taoMaMSTest@e041f0c]" started-at="2024-04-06T22:54:27 ICT" name="TC_TAOMAMS_10" description="Kiểm tra khi sử dụng số âm làm ID" finished-at="2024-04-06T22:54:27 ICT" duration-ms="1" status="PASS">
          <reporter-output>
          </reporter-output>
        </test-method> <!-- TC_TAOMAMS_10 -->
        <test-method signature="TC_TAOMAMS_11()[pri:0, instance:Nhiem.ThuocTinh.taoMaMSTest@e041f0c]" started-at="2024-04-06T22:54:27 ICT" name="TC_TAOMAMS_11" description="Kiểm tra khi sử dụng danh sách lớn" finished-at="2024-04-06T22:54:27 ICT" duration-ms="17" status="PASS">
          <reporter-output>
          </reporter-output>
        </test-method> <!-- TC_TAOMAMS_11 -->
      </class> <!-- Nhiem.ThuocTinh.taoMaMSTest -->
      <class name="Nhiem.ThuocTinh.capNhapMauSac">
        <test-method signature="TC_CNM_01()[pri:0, instance:Nhiem.ThuocTinh.capNhapMauSac@79f227a9]" started-at="2024-04-06T22:54:27 ICT" name="TC_CNM_01" description="Cập nhật màu sắc thành công" finished-at="2024-04-06T22:54:27 ICT" duration-ms="85" status="PASS">
          <reporter-output>
          </reporter-output>
        </test-method> <!-- TC_CNM_01 -->
        <test-method signature="TC_CNM_02()[pri:0, instance:Nhiem.ThuocTinh.capNhapMauSac@79f227a9]" started-at="2024-04-06T22:54:27 ICT" name="TC_CNM_02" description="Cập nhật màu sắc thất bại do màu không tồn tại" finished-at="2024-04-06T22:54:27 ICT" duration-ms="41" status="PASS">
          <reporter-output>
          </reporter-output>
        </test-method> <!-- TC_CNM_02 -->
        <test-method signature="TC_CNM_03()[pri:0, instance:Nhiem.ThuocTinh.capNhapMauSac@79f227a9]" started-at="2024-04-06T22:54:27 ICT" name="TC_CNM_03" description="Cập nhật màu sắc thất bại do mã màu rỗng" finished-at="2024-04-06T22:54:27 ICT" duration-ms="31" status="FAIL">
          <exception class="java.lang.AssertionError">
            <message>
              <![CDATA[expected [Cập nhật màu sắc thất bại!] but found [Mã màu không tồn tại]]]>
            </message>
            <full-stacktrace>
              <![CDATA[java.lang.AssertionError: expected [Cập nhật màu sắc thất bại!] but found [Mã màu không tồn tại]
at org.testng.Assert.fail(Assert.java:99)
at org.testng.Assert.failNotEquals(Assert.java:1037)
at org.testng.Assert.assertEqualsImpl(Assert.java:140)
at org.testng.Assert.assertEquals(Assert.java:122)
at org.testng.Assert.assertEquals(Assert.java:629)
at org.testng.Assert.assertEquals(Assert.java:639)
at Nhiem.ThuocTinh.capNhapMauSac.TC_CNM_03(capNhapMauSac.java:40)
at java.base/jdk.internal.reflect.DirectMethodHandleAccessor.invoke(DirectMethodHandleAccessor.java:104)
at java.base/java.lang.reflect.Method.invoke(Method.java:578)
at org.testng.internal.MethodInvocationHelper.invokeMethod(MethodInvocationHelper.java:133)
at org.testng.internal.TestInvoker.invokeMethod(TestInvoker.java:598)
at org.testng.internal.TestInvoker.invokeTestMethod(TestInvoker.java:173)
at org.testng.internal.MethodRunner.runInSequence(MethodRunner.java:46)
at org.testng.internal.TestInvoker$MethodInvocationAgent.invoke(TestInvoker.java:824)
at org.testng.internal.TestInvoker.invokeTestMethods(TestInvoker.java:146)
at org.testng.internal.TestMethodWorker.invokeTestMethods(TestMethodWorker.java:146)
at org.testng.internal.TestMethodWorker.run(TestMethodWorker.java:128)
at java.base/java.util.ArrayList.forEach(ArrayList.java:1511)
at org.testng.TestRunner.privateRun(TestRunner.java:794)
at org.testng.TestRunner.run(TestRunner.java:596)
at org.testng.SuiteRunner.runTest(SuiteRunner.java:377)
at org.testng.SuiteRunner.runSequentially(SuiteRunner.java:371)
at org.testng.SuiteRunner.privateRun(SuiteRunner.java:332)
at org.testng.SuiteRunner.run(SuiteRunner.java:276)
at org.testng.SuiteRunnerWorker.runSuite(SuiteRunnerWorker.java:53)
at org.testng.SuiteRunnerWorker.run(SuiteRunnerWorker.java:96)
at org.testng.TestNG.runSuitesSequentially(TestNG.java:1212)
at org.testng.TestNG.runSuitesLocally(TestNG.java:1134)
at org.testng.TestNG.runSuites(TestNG.java:1063)
at org.testng.TestNG.run(TestNG.java:1031)
at org.testng.remote.AbstractRemoteTestNG.run(AbstractRemoteTestNG.java:115)
at org.testng.remote.RemoteTestNG.initAndRun(RemoteTestNG.java:251)
at org.testng.remote.RemoteTestNG.main(RemoteTestNG.java:77)
]]>
            </full-stacktrace>
          </exception> <!-- java.lang.AssertionError -->
          <reporter-output>
          </reporter-output>
        </test-method> <!-- TC_CNM_03 -->
        <test-method signature="TC_CNM_04()[pri:0, instance:Nhiem.ThuocTinh.capNhapMauSac@79f227a9]" started-at="2024-04-06T22:54:27 ICT" name="TC_CNM_04" description="Cập nhật màu sắc thành công với mô tả màu trống" finished-at="2024-04-06T22:54:27 ICT" duration-ms="59" status="PASS">
          <reporter-output>
          </reporter-output>
        </test-method> <!-- TC_CNM_04 -->
        <test-method signature="TC_CNM_05()[pri:0, instance:Nhiem.ThuocTinh.capNhapMauSac@79f227a9]" started-at="2024-04-06T22:54:27 ICT" name="TC_CNM_05" description="Cập nhật màu sắc thất bại do mô tả màu không hợp lệ" finished-at="2024-04-06T22:54:27 ICT" duration-ms="52" status="PASS">
          <reporter-output>
          </reporter-output>
        </test-method> <!-- TC_CNM_05 -->
      </class> <!-- Nhiem.ThuocTinh.capNhapMauSac -->
      <class name="Nhiem.ThuocTinh.themMauSacTest">
        <test-method signature="TC_TMS_01()[pri:0, instance:Nhiem.ThuocTinh.themMauSacTest@54336c81]" started-at="2024-04-06T22:54:28 ICT" name="TC_TMS_01" description="Kiểm tra khi tên màu rỗng" finished-at="2024-04-06T22:54:28 ICT" duration-ms="95" status="PASS">
          <reporter-output>
          </reporter-output>
        </test-method> <!-- TC_TMS_01 -->
        <test-method signature="TC_TMS_02()[pri:0, instance:Nhiem.ThuocTinh.themMauSacTest@54336c81]" started-at="2024-04-06T22:54:28 ICT" name="TC_TMS_02" description="Kiểm tra khi tên màu hợp lệ" finished-at="2024-04-06T22:54:28 ICT" duration-ms="90" status="PASS">
          <reporter-output>
          </reporter-output>
        </test-method> <!-- TC_TMS_02 -->
        <test-method signature="TC_TMS_03()[pri:0, instance:Nhiem.ThuocTinh.themMauSacTest@54336c81]" started-at="2024-04-06T22:54:28 ICT" name="TC_TMS_03" description="Kiểm tra khi gặp lỗi khi thêm màu vào cơ sở dữ liệu" finished-at="2024-04-06T22:54:28 ICT" duration-ms="48" status="FAIL">
          <exception class="java.lang.AssertionError">
            <message>
              <![CDATA[expected [Thêm màu sắc thất bại!] but found [Thêm màu sắc thành công!]]]>
            </message>
            <full-stacktrace>
              <![CDATA[java.lang.AssertionError: expected [Thêm màu sắc thất bại!] but found [Thêm màu sắc thành công!]
at org.testng.Assert.fail(Assert.java:99)
at org.testng.Assert.failNotEquals(Assert.java:1037)
at org.testng.Assert.assertEqualsImpl(Assert.java:140)
at org.testng.Assert.assertEquals(Assert.java:122)
at org.testng.Assert.assertEquals(Assert.java:629)
at org.testng.Assert.assertEquals(Assert.java:639)
at Nhiem.ThuocTinh.themMauSacTest.TC_TMS_03(themMauSacTest.java:38)
at java.base/jdk.internal.reflect.DirectMethodHandleAccessor.invoke(DirectMethodHandleAccessor.java:104)
at java.base/java.lang.reflect.Method.invoke(Method.java:578)
at org.testng.internal.MethodInvocationHelper.invokeMethod(MethodInvocationHelper.java:133)
at org.testng.internal.TestInvoker.invokeMethod(TestInvoker.java:598)
at org.testng.internal.TestInvoker.invokeTestMethod(TestInvoker.java:173)
at org.testng.internal.MethodRunner.runInSequence(MethodRunner.java:46)
at org.testng.internal.TestInvoker$MethodInvocationAgent.invoke(TestInvoker.java:824)
at org.testng.internal.TestInvoker.invokeTestMethods(TestInvoker.java:146)
at org.testng.internal.TestMethodWorker.invokeTestMethods(TestMethodWorker.java:146)
at org.testng.internal.TestMethodWorker.run(TestMethodWorker.java:128)
at java.base/java.util.ArrayList.forEach(ArrayList.java:1511)
at org.testng.TestRunner.privateRun(TestRunner.java:794)
at org.testng.TestRunner.run(TestRunner.java:596)
at org.testng.SuiteRunner.runTest(SuiteRunner.java:377)
at org.testng.SuiteRunner.runSequentially(SuiteRunner.java:371)
at org.testng.SuiteRunner.privateRun(SuiteRunner.java:332)
at org.testng.SuiteRunner.run(SuiteRunner.java:276)
at org.testng.SuiteRunnerWorker.runSuite(SuiteRunnerWorker.java:53)
at org.testng.SuiteRunnerWorker.run(SuiteRunnerWorker.java:96)
at org.testng.TestNG.runSuitesSequentially(TestNG.java:1212)
at org.testng.TestNG.runSuitesLocally(TestNG.java:1134)
at org.testng.TestNG.runSuites(TestNG.java:1063)
at org.testng.TestNG.run(TestNG.java:1031)
at org.testng.remote.AbstractRemoteTestNG.run(AbstractRemoteTestNG.java:115)
at org.testng.remote.RemoteTestNG.initAndRun(RemoteTestNG.java:251)
at org.testng.remote.RemoteTestNG.main(RemoteTestNG.java:77)
]]>
            </full-stacktrace>
          </exception> <!-- java.lang.AssertionError -->
          <reporter-output>
          </reporter-output>
        </test-method> <!-- TC_TMS_03 -->
        <test-method signature="TC_TMS_04()[pri:0, instance:Nhiem.ThuocTinh.themMauSacTest@54336c81]" started-at="2024-04-06T22:54:28 ICT" name="TC_TMS_04" description="Kiểm tra khi thêm màu mới thành công vào cơ sở dữ liệu" finished-at="2024-04-06T22:54:28 ICT" duration-ms="66" status="PASS">
          <reporter-output>
          </reporter-output>
        </test-method> <!-- TC_TMS_04 -->
      </class> <!-- Nhiem.ThuocTinh.themMauSacTest -->
      <class name="Nhiem.ThuocTinh.themKichThuocTest">
        <test-method signature="TC_TKT_01()[pri:0, instance:Nhiem.ThuocTinh.themKichThuocTest@2e6ee0bc]" started-at="2024-04-06T22:54:28 ICT" name="TC_TKT_01" description="Kiểm tra khi tên kích thước rỗng" finished-at="2024-04-06T22:54:28 ICT" duration-ms="84" status="PASS">
          <reporter-output>
          </reporter-output>
        </test-method> <!-- TC_TKT_01 -->
        <test-method signature="TC_TKT_02()[pri:0, instance:Nhiem.ThuocTinh.themKichThuocTest@2e6ee0bc]" started-at="2024-04-06T22:54:28 ICT" name="TC_TKT_02" description="Kiểm tra khi thêm kích thước mới vào cơ sở dữ liệu" finished-at="2024-04-06T22:54:28 ICT" duration-ms="56" status="PASS">
          <reporter-output>
          </reporter-output>
        </test-method> <!-- TC_TKT_02 -->
        <test-method signature="TC_TKT_03()[pri:0, instance:Nhiem.ThuocTinh.themKichThuocTest@2e6ee0bc]" started-at="2024-04-06T22:54:28 ICT" name="TC_TKT_03" description="Kiểm tra khi thêm kích thước đã tồn tại trong cơ sở dữ liệu" finished-at="2024-04-06T22:54:28 ICT" duration-ms="43" status="FAIL">
          <exception class="java.lang.AssertionError">
            <message>
              <![CDATA[expected [Thêm kích thước thất bại!] but found [Thêm kích thước thành công!]]]>
            </message>
            <full-stacktrace>
              <![CDATA[java.lang.AssertionError: expected [Thêm kích thước thất bại!] but found [Thêm kích thước thành công!]
at org.testng.Assert.fail(Assert.java:99)
at org.testng.Assert.failNotEquals(Assert.java:1037)
at org.testng.Assert.assertEqualsImpl(Assert.java:140)
at org.testng.Assert.assertEquals(Assert.java:122)
at org.testng.Assert.assertEquals(Assert.java:629)
at org.testng.Assert.assertEquals(Assert.java:639)
at Nhiem.ThuocTinh.themKichThuocTest.TC_TKT_03(themKichThuocTest.java:38)
at java.base/jdk.internal.reflect.DirectMethodHandleAccessor.invoke(DirectMethodHandleAccessor.java:104)
at java.base/java.lang.reflect.Method.invoke(Method.java:578)
at org.testng.internal.MethodInvocationHelper.invokeMethod(MethodInvocationHelper.java:133)
at org.testng.internal.TestInvoker.invokeMethod(TestInvoker.java:598)
at org.testng.internal.TestInvoker.invokeTestMethod(TestInvoker.java:173)
at org.testng.internal.MethodRunner.runInSequence(MethodRunner.java:46)
at org.testng.internal.TestInvoker$MethodInvocationAgent.invoke(TestInvoker.java:824)
at org.testng.internal.TestInvoker.invokeTestMethods(TestInvoker.java:146)
at org.testng.internal.TestMethodWorker.invokeTestMethods(TestMethodWorker.java:146)
at org.testng.internal.TestMethodWorker.run(TestMethodWorker.java:128)
at java.base/java.util.ArrayList.forEach(ArrayList.java:1511)
at org.testng.TestRunner.privateRun(TestRunner.java:794)
at org.testng.TestRunner.run(TestRunner.java:596)
at org.testng.SuiteRunner.runTest(SuiteRunner.java:377)
at org.testng.SuiteRunner.runSequentially(SuiteRunner.java:371)
at org.testng.SuiteRunner.privateRun(SuiteRunner.java:332)
at org.testng.SuiteRunner.run(SuiteRunner.java:276)
at org.testng.SuiteRunnerWorker.runSuite(SuiteRunnerWorker.java:53)
at org.testng.SuiteRunnerWorker.run(SuiteRunnerWorker.java:96)
at org.testng.TestNG.runSuitesSequentially(TestNG.java:1212)
at org.testng.TestNG.runSuitesLocally(TestNG.java:1134)
at org.testng.TestNG.runSuites(TestNG.java:1063)
at org.testng.TestNG.run(TestNG.java:1031)
at org.testng.remote.AbstractRemoteTestNG.run(AbstractRemoteTestNG.java:115)
at org.testng.remote.RemoteTestNG.initAndRun(RemoteTestNG.java:251)
at org.testng.remote.RemoteTestNG.main(RemoteTestNG.java:77)
]]>
            </full-stacktrace>
          </exception> <!-- java.lang.AssertionError -->
          <reporter-output>
          </reporter-output>
        </test-method> <!-- TC_TKT_03 -->
        <test-method signature="TC_TKT_04()[pri:0, instance:Nhiem.ThuocTinh.themKichThuocTest@2e6ee0bc]" started-at="2024-04-06T22:54:28 ICT" name="TC_TKT_04" description="Kiểm tra khi chiều dài kích thước âm" finished-at="2024-04-06T22:54:28 ICT" duration-ms="53" status="FAIL">
          <exception class="java.lang.AssertionError">
            <message>
              <![CDATA[expected [Thêm kích thước thất bại!] but found [Thêm kích thước thành công!]]]>
            </message>
            <full-stacktrace>
              <![CDATA[java.lang.AssertionError: expected [Thêm kích thước thất bại!] but found [Thêm kích thước thành công!]
at org.testng.Assert.fail(Assert.java:99)
at org.testng.Assert.failNotEquals(Assert.java:1037)
at org.testng.Assert.assertEqualsImpl(Assert.java:140)
at org.testng.Assert.assertEquals(Assert.java:122)
at org.testng.Assert.assertEquals(Assert.java:629)
at org.testng.Assert.assertEquals(Assert.java:639)
at Nhiem.ThuocTinh.themKichThuocTest.TC_TKT_04(themKichThuocTest.java:47)
at java.base/jdk.internal.reflect.DirectMethodHandleAccessor.invoke(DirectMethodHandleAccessor.java:104)
at java.base/java.lang.reflect.Method.invoke(Method.java:578)
at org.testng.internal.MethodInvocationHelper.invokeMethod(MethodInvocationHelper.java:133)
at org.testng.internal.TestInvoker.invokeMethod(TestInvoker.java:598)
at org.testng.internal.TestInvoker.invokeTestMethod(TestInvoker.java:173)
at org.testng.internal.MethodRunner.runInSequence(MethodRunner.java:46)
at org.testng.internal.TestInvoker$MethodInvocationAgent.invoke(TestInvoker.java:824)
at org.testng.internal.TestInvoker.invokeTestMethods(TestInvoker.java:146)
at org.testng.internal.TestMethodWorker.invokeTestMethods(TestMethodWorker.java:146)
at org.testng.internal.TestMethodWorker.run(TestMethodWorker.java:128)
at java.base/java.util.ArrayList.forEach(ArrayList.java:1511)
at org.testng.TestRunner.privateRun(TestRunner.java:794)
at org.testng.TestRunner.run(TestRunner.java:596)
at org.testng.SuiteRunner.runTest(SuiteRunner.java:377)
at org.testng.SuiteRunner.runSequentially(SuiteRunner.java:371)
at org.testng.SuiteRunner.privateRun(SuiteRunner.java:332)
at org.testng.SuiteRunner.run(SuiteRunner.java:276)
at org.testng.SuiteRunnerWorker.runSuite(SuiteRunnerWorker.java:53)
at org.testng.SuiteRunnerWorker.run(SuiteRunnerWorker.java:96)
at org.testng.TestNG.runSuitesSequentially(TestNG.java:1212)
at org.testng.TestNG.runSuitesLocally(TestNG.java:1134)
at org.testng.TestNG.runSuites(TestNG.java:1063)
at org.testng.TestNG.run(TestNG.java:1031)
at org.testng.remote.AbstractRemoteTestNG.run(AbstractRemoteTestNG.java:115)
at org.testng.remote.RemoteTestNG.initAndRun(RemoteTestNG.java:251)
at org.testng.remote.RemoteTestNG.main(RemoteTestNG.java:77)
]]>
            </full-stacktrace>
          </exception> <!-- java.lang.AssertionError -->
          <reporter-output>
          </reporter-output>
        </test-method> <!-- TC_TKT_04 -->
        <test-method signature="TC_TKT_05()[pri:0, instance:Nhiem.ThuocTinh.themKichThuocTest@2e6ee0bc]" started-at="2024-04-06T22:54:28 ICT" name="TC_TKT_05" description="Kiểm tra khi mô tả kích thước trống" finished-at="2024-04-06T22:54:28 ICT" duration-ms="148" status="PASS">
          <reporter-output>
          </reporter-output>
        </test-method> <!-- TC_TKT_05 -->
      </class> <!-- Nhiem.ThuocTinh.themKichThuocTest -->
    </test> <!-- ThuocTinhTest -->
  </suite> <!-- NhiemXMFTestSuite -->
</testng-results>
