<?xml version="1.0" encoding="UTF-8"?>
<!-- Generated by org.testng.reporters.JUnitXMLReporter -->
<testsuite ignored="0" hostname="DESKTOP-9I87QRH" failures="0" tests="4" name="Login" time="3.532" errors="0" timestamp="2024-04-07T13:53:46 ICT">
  <testcase classname="Nguyen.Login.loginTest" name="TC_Login_01" time="1.962"/>
  <testcase classname="Nguyen.Login.loginTest" name="TC_Login_02" time="0.482"/>
  <testcase classname="Nguyen.Login.loginTest" name="TC_Login_03" time="0.278"/>
  <testcase classname="Nguyen.Login.loginTest" name="TC_Login_04" time="0.726"/>
</testsuite> <!-- Login -->
