<?xml version="1.0" encoding="UTF-8"?>
<!-- Generated by org.testng.reporters.JUnitXMLReporter -->
<testsuite ignored="0" hostname="DESKTOP-9I87QRH" failures="0" tests="3" name="ThongKeTest" time="4.546" errors="0" timestamp="2024-04-06T22:47:58 ICT">
  <testcase classname="Nhiem.ThongKe.xuatDanhSachTest" name="testXuLyKhiFileLaNull" time="1.205"/>
  <testcase classname="Nhiem.ThongKe.xuatDanhSachTest" name="testXuatDanhSachWithData" time="1.992"/>
  <testcase classname="Nhiem.ThongKe.xuatDanhSachTest" name="testXuatDanhSachWithEmptyData" time="1.288"/>
</testsuite> <!-- ThongKeTest -->
