<?xml version="1.0" encoding="UTF-8"?>
<!-- Generated by org.testng.reporters.JUnitXMLReporter -->
<testsuite ignored="0" hostname="DESKTOP-9I87QRH" failures="1" tests="31" name="KhachHangTest" time="0.225" errors="0" timestamp="2024-04-07T15:00:11 ICT">
  <testcase classname="Nhu.KhachHang.CapNhatTest" name="TC_CAPNHAT_01" time="0.046"/>
  <testcase classname="Nhu.KhachHang.CapNhatTest" name="TC_CAPNHAT_02" time="0.001"/>
  <testcase classname="Nhu.KhachHang.CapNhatTest" name="TC_CAPNHAT_03" time="0.001"/>
  <testcase classname="Nhu.KhachHang.CapNhatTest" name="TC_CAPNHAT_04" time="0.001"/>
  <testcase classname="Nhu.KhachHang.CapNhatTest" name="TC_CAPNHAT_05" time="0.001"/>
  <testcase classname="Nhu.KhachHang.CapNhatTest" name="TC_CAPNHAT_06" time="0.003"/>
  <testcase classname="Nhu.KhachHang.CapNhatTest" name="TC_CAPNHAT_07" time="0.001"/>
  <testcase classname="Nhu.KhachHang.CapNhatTest" name="TC_CAPNHAT_08" time="0.002"/>
  <testcase classname="Nhu.KhachHang.TaoMaKHTest" name="TC_TAOMAKH_01" time="0.006"/>
  <testcase classname="Nhu.KhachHang.TaoMaKHTest" name="TC_TAOMAKH_02" time="0.001"/>
  <testcase classname="Nhu.KhachHang.TaoMaKHTest" name="TC_TAOMAKH_03" time="0.001"/>
  <testcase classname="Nhu.KhachHang.TaoMaKHTest" name="TC_TAOMAKH_04" time="0.001"/>
  <testcase classname="Nhu.KhachHang.TaoMaKHTest" name="TC_TAOMAKH_05" time="0.001"/>
  <testcase classname="Nhu.KhachHang.TaoMaKHTest" name="TC_TAOMAKH_06" time="0.0"/>
  <testcase classname="Nhu.KhachHang.TaoMaKHTest" name="TC_TAOMAKH_07" time="0.003"/>
  <testcase classname="Nhu.KhachHang.TaoMaKHTest" name="TC_TAOMAKH_08" time="0.001"/>
  <testcase classname="Nhu.KhachHang.TaoMaKHTest" name="TC_TAOMAKH_09" time="0.001"/>
  <testcase classname="Nhu.KhachHang.TaoMaKHTest" name="TC_TAOMAKH_10" time="0.001"/>
  <testcase classname="Nhu.KhachHang.TaoMaKHTest" name="TC_TAOMAKH_11" time="0.002"/>
  <testcase classname="Nhu.KhachHang.ThemTest" name="TC_THEM_01" time="0.059"/>
  <testcase classname="Nhu.KhachHang.ThemTest" name="TC_THEM_02" time="0.001"/>
  <testcase classname="Nhu.KhachHang.ThemTest" name="TC_THEM_03" time="0.001"/>
  <testcase classname="Nhu.KhachHang.ThemTest" name="TC_THEM_04" time="0.001"/>
  <testcase classname="Nhu.KhachHang.ThemTest" name="TC_THEM_05" time="0.001"/>
  <testcase classname="Nhu.KhachHang.ThemTest" name="TC_THEM_06" time="0.002"/>
  <testcase classname="Nhu.KhachHang.ThemTest" name="TC_THEM_07" time="0.001"/>
  <testcase classname="Nhu.KhachHang.ThemTest" name="TC_THEM_08" time="0.001"/>
  <testcase classname="Nhu.KhachHang.XoaTest" name="TC_XOA_01" time="0.022">
    <failure type="java.lang.AssertionError" message="expected [Xóa thành công!] but found [Mã khách hàng không tồn tại]">
      <![CDATA[java.lang.AssertionError: expected [Xóa thành công!] but found [Mã khách hàng không tồn tại]
at Nhu.KhachHang.XoaTest.TC_XOA_01(XoaTest.java:31)
at java.base/java.util.ArrayList.forEach(ArrayList.java:1511)
... Removed 31 stack frames]]>
    </failure>
  </testcase> <!-- TC_XOA_01 -->
  <testcase classname="Nhu.KhachHang.XoaTest" name="TC_XOA_02" time="0.001"/>
  <testcase classname="Nhu.KhachHang.XoaTest" name="TC_XOA_03" time="0.0"/>
  <testcase classname="Nhu.KhachHang.XoaTest" name="TC_XOA_04" time="0.02"/>
</testsuite> <!-- KhachHangTest -->
