<?xml version="1.0" encoding="UTF-8"?>
<testng-results ignored="0" total="3" passed="3" failed="0" skipped="0">
  <reporter-output>
  </reporter-output>
  <suite started-at="2024-04-13T21:00:24 ICT" name="SaveTestNGResultToExcel" finished-at="2024-04-13T21:00:31 ICT" duration-ms="6977">
    <groups>
    </groups>
    <test started-at="2024-04-13T21:00:24 ICT" name="Assignment" finished-at="2024-04-13T21:00:31 ICT" duration-ms="6977">
      <class name="mainTest.TestFile">
        <test-method is-config="true" signature="suiteSetUp()[pri:0, instance:mainTest.TestFile@f5ac9e4]" started-at="2024-04-13T21:00:24 ICT" name="suiteSetUp" finished-at="2024-04-13T21:00:26 ICT" duration-ms="2067" status="PASS">
          <reporter-output>
          </reporter-output>
        </test-method> <!-- suiteSetUp -->
        <test-method signature="launchWebsite()[pri:1, instance:mainTest.TestFile@f5ac9e4]" started-at="2024-04-13T21:00:26 ICT" name="launchWebsite" description="Opens the TestNG Demo Website for Login Test" finished-at="2024-04-13T21:00:27 ICT" duration-ms="1355" status="PASS">
          <reporter-output>
          </reporter-output>
        </test-method> <!-- launchWebsite -->
        <test-method signature="enterLoginInfo()[pri:2, instance:mainTest.TestFile@f5ac9e4]" started-at="2024-04-13T21:00:27 ICT" name="enterLoginInfo" description="Enter login information" finished-at="2024-04-13T21:00:29 ICT" duration-ms="1199" status="PASS">
          <reporter-output>
          </reporter-output>
        </test-method> <!-- enterLoginInfo -->
        <test-method signature="performLogin()[pri:3, instance:mainTest.TestFile@f5ac9e4]" started-at="2024-04-13T21:00:29 ICT" name="performLogin" description="Perform login" finished-at="2024-04-13T21:00:31 ICT" duration-ms="2076" status="PASS">
          <reporter-output>
          </reporter-output>
        </test-method> <!-- performLogin -->
        <test-method is-config="true" signature="suiteTearDown()[pri:0, instance:mainTest.TestFile@f5ac9e4]" started-at="2024-04-13T21:00:31 ICT" name="suiteTearDown" finished-at="2024-04-13T21:00:31 ICT" duration-ms="247" status="PASS">
          <reporter-output>
          </reporter-output>
        </test-method> <!-- suiteTearDown -->
      </class> <!-- mainTest.TestFile -->
    </test> <!-- Assignment -->
  </suite> <!-- SaveTestNGResultToExcel -->
</testng-results>
