<?xml version="1.0" encoding="UTF-8"?>
<!-- Generated by org.testng.reporters.JUnitXMLReporter -->
<testsuite ignored="7" hostname="DESKTOP-9I87QRH" failures="0" tests="1" name="Default test" time="0.467" errors="0" timestamp="2024-04-07T15:33:22 ICT">
  <testcase classname="Nguyen.NhapHang.taoMaCTNHTest" name="TC_TAO_MA_CTNH_01" time="0.009"/>
  <testcase classname="Nguyen.NhapHang.taoMaCTNHTest" name="TC_TAO_MA_CTNH_06" time="0.0">
    <ignored/>
  </testcase> <!-- TC_TAO_MA_CTNH_06 -->
  <testcase classname="Nguyen.NhapHang.taoMaCTNHTest" name="TC_TAO_MA_CTNH_05" time="0.0">
    <ignored/>
  </testcase> <!-- TC_TAO_MA_CTNH_05 -->
  <testcase classname="Nguyen.NhapHang.taoMaCTNHTest" name="TC_TAO_MA_CTNH_04" time="0.0">
    <ignored/>
  </testcase> <!-- TC_TAO_MA_CTNH_04 -->
  <testcase classname="Nguyen.NhapHang.taoMaCTNHTest" name="TC_TAO_MA_CTNH_03" time="0.0">
    <ignored/>
  </testcase> <!-- TC_TAO_MA_CTNH_03 -->
  <testcase classname="Nguyen.NhapHang.taoMaCTNHTest" name="TC_TAO_MA_CTNH_08" time="0.0">
    <ignored/>
  </testcase> <!-- TC_TAO_MA_CTNH_08 -->
  <testcase classname="Nguyen.NhapHang.taoMaCTNHTest" name="TC_TAO_MA_CTNH_07" time="0.0">
    <ignored/>
  </testcase> <!-- TC_TAO_MA_CTNH_07 -->
  <testcase classname="Nguyen.NhapHang.taoMaCTNHTest" name="TC_TAO_MA_CTNH_02" time="0.0">
    <ignored/>
  </testcase> <!-- TC_TAO_MA_CTNH_02 -->
</testsuite> <!-- Default test -->
